2017-07-28 15:29:05,677 [Worker-7] INFO  o.e.m.c.i.l.LifecycleMappingFactory - Using org.maven.ide.eclipse.wtp.WarLifecycleMapping lifecycle mapping for MavenProject: com.maxi:Mp3Web:0.0.1-SNAPSHOT @ C:\Users\mpadulao\Documents\GitHub\Aplicacion\Mp3Web\pom.xml.
2017-07-28 15:29:12,895 [Worker-7] INFO  o.e.m.j.i.AbstractJavaProjectConfigurator - Adding source folder /Mp3Web/src/main/java
2017-07-28 15:29:12,896 [Worker-7] INFO  o.e.m.j.i.AbstractJavaProjectConfigurator - Adding resource folder /Mp3Web/src/main/resources
2017-07-28 15:29:12,898 [Worker-7] INFO  o.e.m.j.i.AbstractJavaProjectConfigurator - Adding source folder /Mp3Web/src/test/java
2017-07-28 15:29:14,947 [Worker-7] INFO  o.e.m.c.i.p.ProjectConfigurationManager - Imported and configured 1 project(s) in 22 sec
2017-07-28 15:29:22,222 [Worker-7] WARN  o.e.m.c.i.embedder.EclipseLogger - Using platform encoding (Cp1252 actually) to copy filtered resources, i.e. build is platform dependent!
2017-07-28 15:29:22,229 [Worker-7] INFO  o.e.m.c.i.embedder.EclipseLogger - Copying 1 resource
2017-07-28 15:29:22,244 [Worker-7] WARN  o.e.m.c.i.embedder.EclipseLogger - Using platform encoding (Cp1252 actually) to copy filtered resources, i.e. build is platform dependent!
2017-07-28 15:29:22,246 [Worker-7] INFO  o.e.m.c.i.embedder.EclipseLogger - skip non existing resourceDirectory C:\Users\mpadulao\Documents\GitHub\Aplicacion\Mp3Web\src\test\resources
2017-07-28 15:30:34,399 [Worker-12] WARN  o.e.m.c.i.embedder.EclipseLogger - Using platform encoding (Cp1252 actually) to copy filtered resources, i.e. build is platform dependent!
2017-07-28 15:30:34,419 [Worker-12] INFO  o.e.m.c.i.embedder.EclipseLogger - Copying 1 resource
2017-07-28 15:30:34,426 [Worker-12] WARN  o.e.m.c.i.embedder.EclipseLogger - Using platform encoding (Cp1252 actually) to copy filtered resources, i.e. build is platform dependent!
2017-07-28 15:30:34,427 [Worker-12] INFO  o.e.m.c.i.embedder.EclipseLogger - skip non existing resourceDirectory C:\Users\mpadulao\Documents\GitHub\Aplicacion\Mp3Web\src\test\resources
2017-07-28 15:47:19,762 [Worker-24] WARN  o.e.m.c.i.embedder.EclipseLogger - Using platform encoding (Cp1252 actually) to copy filtered resources, i.e. build is platform dependent!
2017-07-28 15:47:19,777 [Worker-24] INFO  o.e.m.c.i.embedder.EclipseLogger - Copying 0 resource
2017-07-28 15:47:19,779 [Worker-24] WARN  o.e.m.c.i.embedder.EclipseLogger - Using platform encoding (Cp1252 actually) to copy filtered resources, i.e. build is platform dependent!
2017-07-28 15:47:19,782 [Worker-24] INFO  o.e.m.c.i.embedder.EclipseLogger - skip non existing resourceDirectory C:\Users\mpadulao\Documents\GitHub\Aplicacion\Mp3Web\src\test\resources
2017-07-28 15:51:38,567 [Worker-26] WARN  o.e.m.c.i.embedder.EclipseLogger - Using platform encoding (Cp1252 actually) to copy filtered resources, i.e. build is platform dependent!
2017-07-28 15:51:38,636 [Worker-26] INFO  o.e.m.c.i.embedder.EclipseLogger - Copying 0 resource
2017-07-28 15:51:38,638 [Worker-26] WARN  o.e.m.c.i.embedder.EclipseLogger - Using platform encoding (Cp1252 actually) to copy filtered resources, i.e. build is platform dependent!
2017-07-28 15:51:38,640 [Worker-26] INFO  o.e.m.c.i.embedder.EclipseLogger - skip non existing resourceDirectory C:\Users\mpadulao\Documents\GitHub\Aplicacion\Mp3Web\src\test\resources
2017-07-28 15:51:49,267 [Worker-20] WARN  o.e.m.c.i.embedder.EclipseLogger - Using platform encoding (Cp1252 actually) to copy filtered resources, i.e. build is platform dependent!
2017-07-28 15:51:49,268 [Worker-20] INFO  o.e.m.c.i.embedder.EclipseLogger - Copying 0 resource
2017-07-28 15:51:49,269 [Worker-20] WARN  o.e.m.c.i.embedder.EclipseLogger - Using platform encoding (Cp1252 actually) to copy filtered resources, i.e. build is platform dependent!
2017-07-28 15:51:49,270 [Worker-20] INFO  o.e.m.c.i.embedder.EclipseLogger - skip non existing resourceDirectory C:\Users\mpadulao\Documents\GitHub\Aplicacion\Mp3Web\src\test\resources
2017-07-28 15:52:18,968 [Worker-32] WARN  o.e.m.c.i.embedder.EclipseLogger - Using platform encoding (Cp1252 actually) to copy filtered resources, i.e. build is platform dependent!
2017-07-28 15:52:19,025 [Worker-32] INFO  o.e.m.c.i.embedder.EclipseLogger - Copying 0 resource
2017-07-28 15:52:19,027 [Worker-32] WARN  o.e.m.c.i.embedder.EclipseLogger - Using platform encoding (Cp1252 actually) to copy filtered resources, i.e. build is platform dependent!
2017-07-28 15:52:19,028 [Worker-32] INFO  o.e.m.c.i.embedder.EclipseLogger - skip non existing resourceDirectory C:\Users\mpadulao\Documents\GitHub\Aplicacion\Mp3Web\src\test\resources
2017-07-28 15:52:44,007 [Worker-26] WARN  o.e.m.c.i.embedder.EclipseLogger - Using platform encoding (Cp1252 actually) to copy filtered resources, i.e. build is platform dependent!
2017-07-28 15:52:44,015 [Worker-26] INFO  o.e.m.c.i.embedder.EclipseLogger - Copying 0 resource
2017-07-28 15:52:44,060 [Worker-26] WARN  o.e.m.c.i.embedder.EclipseLogger - Using platform encoding (Cp1252 actually) to copy filtered resources, i.e. build is platform dependent!
2017-07-28 15:52:44,062 [Worker-26] INFO  o.e.m.c.i.embedder.EclipseLogger - skip non existing resourceDirectory C:\Users\mpadulao\Documents\GitHub\Aplicacion\Mp3Web\src\test\resources
2017-07-28 15:52:46,141 [Worker-33] WARN  o.e.m.c.i.embedder.EclipseLogger - Using platform encoding (Cp1252 actually) to copy filtered resources, i.e. build is platform dependent!
2017-07-28 15:52:46,142 [Worker-33] INFO  o.e.m.c.i.embedder.EclipseLogger - Copying 0 resource
2017-07-28 15:52:46,146 [Worker-33] WARN  o.e.m.c.i.embedder.EclipseLogger - Using platform encoding (Cp1252 actually) to copy filtered resources, i.e. build is platform dependent!
2017-07-28 15:52:46,147 [Worker-33] INFO  o.e.m.c.i.embedder.EclipseLogger - skip non existing resourceDirectory C:\Users\mpadulao\Documents\GitHub\Aplicacion\Mp3Web\src\test\resources
2017-07-28 15:53:01,250 [Worker-26] WARN  o.e.m.c.i.embedder.EclipseLogger - Using platform encoding (Cp1252 actually) to copy filtered resources, i.e. build is platform dependent!
2017-07-28 15:53:01,251 [Worker-26] INFO  o.e.m.c.i.embedder.EclipseLogger - Copying 0 resource
2017-07-28 15:53:01,253 [Worker-26] WARN  o.e.m.c.i.embedder.EclipseLogger - Using platform encoding (Cp1252 actually) to copy filtered resources, i.e. build is platform dependent!
2017-07-28 15:53:01,255 [Worker-26] INFO  o.e.m.c.i.embedder.EclipseLogger - skip non existing resourceDirectory C:\Users\mpadulao\Documents\GitHub\Aplicacion\Mp3Web\src\test\resources
2017-07-28 15:53:18,621 [Worker-20] WARN  o.e.m.c.i.embedder.EclipseLogger - Using platform encoding (Cp1252 actually) to copy filtered resources, i.e. build is platform dependent!
2017-07-28 15:53:18,625 [Worker-20] INFO  o.e.m.c.i.embedder.EclipseLogger - Copying 0 resource
2017-07-28 15:53:18,631 [Worker-20] WARN  o.e.m.c.i.embedder.EclipseLogger - Using platform encoding (Cp1252 actually) to copy filtered resources, i.e. build is platform dependent!
2017-07-28 15:53:18,633 [Worker-20] INFO  o.e.m.c.i.embedder.EclipseLogger - skip non existing resourceDirectory C:\Users\mpadulao\Documents\GitHub\Aplicacion\Mp3Web\src\test\resources
2017-07-28 15:53:43,200 [Worker-32] WARN  o.e.m.c.i.embedder.EclipseLogger - Using platform encoding (Cp1252 actually) to copy filtered resources, i.e. build is platform dependent!
2017-07-28 15:53:43,202 [Worker-32] INFO  o.e.m.c.i.embedder.EclipseLogger - Copying 0 resource
2017-07-28 15:53:43,207 [Worker-32] WARN  o.e.m.c.i.embedder.EclipseLogger - Using platform encoding (Cp1252 actually) to copy filtered resources, i.e. build is platform dependent!
2017-07-28 15:53:43,209 [Worker-32] INFO  o.e.m.c.i.embedder.EclipseLogger - skip non existing resourceDirectory C:\Users\mpadulao\Documents\GitHub\Aplicacion\Mp3Web\src\test\resources
2017-07-28 15:54:05,833 [Worker-33] WARN  o.e.m.c.i.embedder.EclipseLogger - Using platform encoding (Cp1252 actually) to copy filtered resources, i.e. build is platform dependent!
2017-07-28 15:54:05,882 [Worker-33] INFO  o.e.m.c.i.embedder.EclipseLogger - Copying 0 resource
2017-07-28 15:54:05,883 [Worker-33] WARN  o.e.m.c.i.embedder.EclipseLogger - Using platform encoding (Cp1252 actually) to copy filtered resources, i.e. build is platform dependent!
2017-07-28 15:54:05,885 [Worker-33] INFO  o.e.m.c.i.embedder.EclipseLogger - skip non existing resourceDirectory C:\Users\mpadulao\Documents\GitHub\Aplicacion\Mp3Web\src\test\resources
2017-07-28 15:54:20,073 [Worker-31] WARN  o.e.m.c.i.embedder.EclipseLogger - Using platform encoding (Cp1252 actually) to copy filtered resources, i.e. build is platform dependent!
2017-07-28 15:54:20,075 [Worker-31] INFO  o.e.m.c.i.embedder.EclipseLogger - Copying 0 resource
2017-07-28 15:54:20,077 [Worker-31] WARN  o.e.m.c.i.embedder.EclipseLogger - Using platform encoding (Cp1252 actually) to copy filtered resources, i.e. build is platform dependent!
2017-07-28 15:54:20,078 [Worker-31] INFO  o.e.m.c.i.embedder.EclipseLogger - skip non existing resourceDirectory C:\Users\mpadulao\Documents\GitHub\Aplicacion\Mp3Web\src\test\resources
2017-07-28 15:54:43,842 [Worker-31] WARN  o.e.m.c.i.embedder.EclipseLogger - Using platform encoding (Cp1252 actually) to copy filtered resources, i.e. build is platform dependent!
2017-07-28 15:54:43,868 [Worker-31] INFO  o.e.m.c.i.embedder.EclipseLogger - Copying 0 resource
2017-07-28 15:54:43,875 [Worker-31] WARN  o.e.m.c.i.embedder.EclipseLogger - Using platform encoding (Cp1252 actually) to copy filtered resources, i.e. build is platform dependent!
2017-07-28 15:54:43,877 [Worker-31] INFO  o.e.m.c.i.embedder.EclipseLogger - skip non existing resourceDirectory C:\Users\mpadulao\Documents\GitHub\Aplicacion\Mp3Web\src\test\resources
2017-07-28 15:55:14,421 [Worker-20] WARN  o.e.m.c.i.embedder.EclipseLogger - Using platform encoding (Cp1252 actually) to copy filtered resources, i.e. build is platform dependent!
2017-07-28 15:55:14,423 [Worker-20] INFO  o.e.m.c.i.embedder.EclipseLogger - Copying 0 resource
2017-07-28 15:55:14,425 [Worker-20] WARN  o.e.m.c.i.embedder.EclipseLogger - Using platform encoding (Cp1252 actually) to copy filtered resources, i.e. build is platform dependent!
2017-07-28 15:55:14,430 [Worker-20] INFO  o.e.m.c.i.embedder.EclipseLogger - skip non existing resourceDirectory C:\Users\mpadulao\Documents\GitHub\Aplicacion\Mp3Web\src\test\resources
2017-07-28 15:55:50,048 [Worker-20] WARN  o.e.m.c.i.embedder.EclipseLogger - Using platform encoding (Cp1252 actually) to copy filtered resources, i.e. build is platform dependent!
2017-07-28 15:55:50,049 [Worker-20] INFO  o.e.m.c.i.embedder.EclipseLogger - Copying 0 resource
2017-07-28 15:55:50,053 [Worker-20] WARN  o.e.m.c.i.embedder.EclipseLogger - Using platform encoding (Cp1252 actually) to copy filtered resources, i.e. build is platform dependent!
2017-07-28 15:55:50,055 [Worker-20] INFO  o.e.m.c.i.embedder.EclipseLogger - skip non existing resourceDirectory C:\Users\mpadulao\Documents\GitHub\Aplicacion\Mp3Web\src\test\resources
2017-07-28 16:00:16,029 [Worker-39] WARN  o.e.m.c.i.embedder.EclipseLogger - Using platform encoding (Cp1252 actually) to copy filtered resources, i.e. build is platform dependent!
2017-07-28 16:00:16,051 [Worker-39] INFO  o.e.m.c.i.embedder.EclipseLogger - Copying 0 resource
2017-07-28 16:00:16,070 [Worker-39] WARN  o.e.m.c.i.embedder.EclipseLogger - Using platform encoding (Cp1252 actually) to copy filtered resources, i.e. build is platform dependent!
2017-07-28 16:00:16,071 [Worker-39] INFO  o.e.m.c.i.embedder.EclipseLogger - skip non existing resourceDirectory C:\Users\mpadulao\Documents\GitHub\Aplicacion\Mp3Web\src\test\resources
2017-07-28 16:05:07,104 [Worker-42] WARN  o.e.m.c.i.embedder.EclipseLogger - Using platform encoding (Cp1252 actually) to copy filtered resources, i.e. build is platform dependent!
2017-07-28 16:05:07,122 [Worker-42] INFO  o.e.m.c.i.embedder.EclipseLogger - Copying 0 resource
2017-07-28 16:05:07,124 [Worker-42] WARN  o.e.m.c.i.embedder.EclipseLogger - Using platform encoding (Cp1252 actually) to copy filtered resources, i.e. build is platform dependent!
2017-07-28 16:05:07,125 [Worker-42] INFO  o.e.m.c.i.embedder.EclipseLogger - skip non existing resourceDirectory C:\Users\mpadulao\Documents\GitHub\Aplicacion\Mp3Web\src\test\resources
2017-07-28 16:19:36,852 [Worker-44] WARN  o.e.m.c.i.embedder.EclipseLogger - Using platform encoding (Cp1252 actually) to copy filtered resources, i.e. build is platform dependent!
2017-07-28 16:19:36,914 [Worker-44] INFO  o.e.m.c.i.embedder.EclipseLogger - Copying 0 resource
2017-07-28 16:19:36,915 [Worker-44] WARN  o.e.m.c.i.embedder.EclipseLogger - Using platform encoding (Cp1252 actually) to copy filtered resources, i.e. build is platform dependent!
2017-07-28 16:19:36,917 [Worker-44] INFO  o.e.m.c.i.embedder.EclipseLogger - skip non existing resourceDirectory C:\Users\mpadulao\Documents\GitHub\Aplicacion\Mp3Web\src\test\resources
2017-07-28 16:25:09,233 [Worker-47] WARN  o.e.m.c.i.embedder.EclipseLogger - Using platform encoding (Cp1252 actually) to copy filtered resources, i.e. build is platform dependent!
2017-07-28 16:25:09,239 [Worker-47] INFO  o.e.m.c.i.embedder.EclipseLogger - Copying 0 resource
2017-07-28 16:25:09,240 [Worker-47] WARN  o.e.m.c.i.embedder.EclipseLogger - Using platform encoding (Cp1252 actually) to copy filtered resources, i.e. build is platform dependent!
2017-07-28 16:25:09,241 [Worker-47] INFO  o.e.m.c.i.embedder.EclipseLogger - skip non existing resourceDirectory C:\Users\mpadulao\Documents\GitHub\Aplicacion\Mp3Web\src\test\resources
2017-07-28 16:25:53,422 [Worker-46] WARN  o.e.m.c.i.embedder.EclipseLogger - Using platform encoding (Cp1252 actually) to copy filtered resources, i.e. build is platform dependent!
2017-07-28 16:25:53,425 [Worker-46] INFO  o.e.m.c.i.embedder.EclipseLogger - Copying 0 resource
2017-07-28 16:25:53,428 [Worker-46] WARN  o.e.m.c.i.embedder.EclipseLogger - Using platform encoding (Cp1252 actually) to copy filtered resources, i.e. build is platform dependent!
2017-07-28 16:25:53,430 [Worker-46] INFO  o.e.m.c.i.embedder.EclipseLogger - skip non existing resourceDirectory C:\Users\mpadulao\Documents\GitHub\Aplicacion\Mp3Web\src\test\resources
2017-07-28 16:26:35,828 [Worker-46] WARN  o.e.m.c.i.embedder.EclipseLogger - Using platform encoding (Cp1252 actually) to copy filtered resources, i.e. build is platform dependent!
2017-07-28 16:26:35,830 [Worker-46] INFO  o.e.m.c.i.embedder.EclipseLogger - Copying 0 resource
2017-07-28 16:26:35,832 [Worker-46] WARN  o.e.m.c.i.embedder.EclipseLogger - Using platform encoding (Cp1252 actually) to copy filtered resources, i.e. build is platform dependent!
2017-07-28 16:26:35,834 [Worker-46] INFO  o.e.m.c.i.embedder.EclipseLogger - skip non existing resourceDirectory C:\Users\mpadulao\Documents\GitHub\Aplicacion\Mp3Web\src\test\resources
2017-07-28 16:36:38,714 [Worker-59] WARN  o.e.m.c.i.embedder.EclipseLogger - Using platform encoding (Cp1252 actually) to copy filtered resources, i.e. build is platform dependent!
2017-07-28 16:36:38,769 [Worker-59] INFO  o.e.m.c.i.embedder.EclipseLogger - Copying 0 resource
2017-07-28 16:36:38,770 [Worker-59] WARN  o.e.m.c.i.embedder.EclipseLogger - Using platform encoding (Cp1252 actually) to copy filtered resources, i.e. build is platform dependent!
2017-07-28 16:36:38,772 [Worker-59] INFO  o.e.m.c.i.embedder.EclipseLogger - skip non existing resourceDirectory C:\Users\mpadulao\Documents\GitHub\Aplicacion\Mp3Web\src\test\resources
2017-07-28 16:39:18,253 [Worker-61] WARN  o.e.m.c.i.embedder.EclipseLogger - Using platform encoding (Cp1252 actually) to copy filtered resources, i.e. build is platform dependent!
2017-07-28 16:39:18,256 [Worker-61] INFO  o.e.m.c.i.embedder.EclipseLogger - Copying 0 resource
2017-07-28 16:39:18,257 [Worker-61] WARN  o.e.m.c.i.embedder.EclipseLogger - Using platform encoding (Cp1252 actually) to copy filtered resources, i.e. build is platform dependent!
2017-07-28 16:39:18,259 [Worker-61] INFO  o.e.m.c.i.embedder.EclipseLogger - skip non existing resourceDirectory C:\Users\mpadulao\Documents\GitHub\Aplicacion\Mp3Web\src\test\resources
2017-07-28 16:43:13,862 [Worker-64] WARN  o.e.m.c.i.embedder.EclipseLogger - Using platform encoding (Cp1252 actually) to copy filtered resources, i.e. build is platform dependent!
2017-07-28 16:43:13,865 [Worker-64] INFO  o.e.m.c.i.embedder.EclipseLogger - Copying 0 resource
2017-07-28 16:43:13,874 [Worker-64] WARN  o.e.m.c.i.embedder.EclipseLogger - Using platform encoding (Cp1252 actually) to copy filtered resources, i.e. build is platform dependent!
2017-07-28 16:43:13,876 [Worker-64] INFO  o.e.m.c.i.embedder.EclipseLogger - skip non existing resourceDirectory C:\Users\mpadulao\Documents\GitHub\Aplicacion\Mp3Web\src\test\resources
2017-07-28 16:44:20,015 [Worker-57] WARN  o.e.m.c.i.embedder.EclipseLogger - Using platform encoding (Cp1252 actually) to copy filtered resources, i.e. build is platform dependent!
2017-07-28 16:44:20,018 [Worker-57] INFO  o.e.m.c.i.embedder.EclipseLogger - Copying 0 resource
2017-07-28 16:44:20,020 [Worker-57] WARN  o.e.m.c.i.embedder.EclipseLogger - Using platform encoding (Cp1252 actually) to copy filtered resources, i.e. build is platform dependent!
2017-07-28 16:44:20,022 [Worker-57] INFO  o.e.m.c.i.embedder.EclipseLogger - skip non existing resourceDirectory C:\Users\mpadulao\Documents\GitHub\Aplicacion\Mp3Web\src\test\resources
2017-07-28 16:46:15,759 [Worker-64] WARN  o.e.m.c.i.embedder.EclipseLogger - Using platform encoding (Cp1252 actually) to copy filtered resources, i.e. build is platform dependent!
2017-07-28 16:46:15,760 [Worker-64] INFO  o.e.m.c.i.embedder.EclipseLogger - Copying 0 resource
2017-07-28 16:46:15,761 [Worker-64] WARN  o.e.m.c.i.embedder.EclipseLogger - Using platform encoding (Cp1252 actually) to copy filtered resources, i.e. build is platform dependent!
2017-07-28 16:46:15,762 [Worker-64] INFO  o.e.m.c.i.embedder.EclipseLogger - skip non existing resourceDirectory C:\Users\mpadulao\Documents\GitHub\Aplicacion\Mp3Web\src\test\resources
2017-07-28 16:48:22,846 [Worker-65] WARN  o.e.m.c.i.embedder.EclipseLogger - Using platform encoding (Cp1252 actually) to copy filtered resources, i.e. build is platform dependent!
2017-07-28 16:48:22,849 [Worker-65] INFO  o.e.m.c.i.embedder.EclipseLogger - Copying 0 resource
2017-07-28 16:48:22,851 [Worker-65] WARN  o.e.m.c.i.embedder.EclipseLogger - Using platform encoding (Cp1252 actually) to copy filtered resources, i.e. build is platform dependent!
2017-07-28 16:48:22,852 [Worker-65] INFO  o.e.m.c.i.embedder.EclipseLogger - skip non existing resourceDirectory C:\Users\mpadulao\Documents\GitHub\Aplicacion\Mp3Web\src\test\resources
2017-07-28 16:48:24,962 [Worker-64] WARN  o.e.m.c.i.embedder.EclipseLogger - Using platform encoding (Cp1252 actually) to copy filtered resources, i.e. build is platform dependent!
2017-07-28 16:48:24,985 [Worker-64] INFO  o.e.m.c.i.embedder.EclipseLogger - Copying 0 resource
2017-07-28 16:48:24,991 [Worker-64] WARN  o.e.m.c.i.embedder.EclipseLogger - Using platform encoding (Cp1252 actually) to copy filtered resources, i.e. build is platform dependent!
2017-07-28 16:48:24,992 [Worker-64] INFO  o.e.m.c.i.embedder.EclipseLogger - skip non existing resourceDirectory C:\Users\mpadulao\Documents\GitHub\Aplicacion\Mp3Web\src\test\resources
2017-07-28 16:48:49,128 [Worker-66] WARN  o.e.m.c.i.embedder.EclipseLogger - Using platform encoding (Cp1252 actually) to copy filtered resources, i.e. build is platform dependent!
2017-07-28 16:48:49,129 [Worker-66] INFO  o.e.m.c.i.embedder.EclipseLogger - Copying 0 resource
2017-07-28 16:48:49,130 [Worker-66] WARN  o.e.m.c.i.embedder.EclipseLogger - Using platform encoding (Cp1252 actually) to copy filtered resources, i.e. build is platform dependent!
2017-07-28 16:48:49,131 [Worker-66] INFO  o.e.m.c.i.embedder.EclipseLogger - skip non existing resourceDirectory C:\Users\mpadulao\Documents\GitHub\Aplicacion\Mp3Web\src\test\resources
2017-07-28 16:49:05,640 [Worker-57] WARN  o.e.m.c.i.embedder.EclipseLogger - Using platform encoding (Cp1252 actually) to copy filtered resources, i.e. build is platform dependent!
2017-07-28 16:49:05,642 [Worker-57] INFO  o.e.m.c.i.embedder.EclipseLogger - Copying 0 resource
2017-07-28 16:49:05,643 [Worker-57] WARN  o.e.m.c.i.embedder.EclipseLogger - Using platform encoding (Cp1252 actually) to copy filtered resources, i.e. build is platform dependent!
2017-07-28 16:49:05,645 [Worker-57] INFO  o.e.m.c.i.embedder.EclipseLogger - skip non existing resourceDirectory C:\Users\mpadulao\Documents\GitHub\Aplicacion\Mp3Web\src\test\resources
2017-07-28 16:49:28,447 [Worker-66] WARN  o.e.m.c.i.embedder.EclipseLogger - Using platform encoding (Cp1252 actually) to copy filtered resources, i.e. build is platform dependent!
2017-07-28 16:49:28,449 [Worker-66] INFO  o.e.m.c.i.embedder.EclipseLogger - Copying 0 resource
2017-07-28 16:49:28,450 [Worker-66] WARN  o.e.m.c.i.embedder.EclipseLogger - Using platform encoding (Cp1252 actually) to copy filtered resources, i.e. build is platform dependent!
2017-07-28 16:49:28,451 [Worker-66] INFO  o.e.m.c.i.embedder.EclipseLogger - skip non existing resourceDirectory C:\Users\mpadulao\Documents\GitHub\Aplicacion\Mp3Web\src\test\resources
2017-07-28 16:49:42,214 [Worker-65] WARN  o.e.m.c.i.embedder.EclipseLogger - Using platform encoding (Cp1252 actually) to copy filtered resources, i.e. build is platform dependent!
2017-07-28 16:49:42,216 [Worker-65] INFO  o.e.m.c.i.embedder.EclipseLogger - Copying 0 resource
2017-07-28 16:49:42,218 [Worker-65] WARN  o.e.m.c.i.embedder.EclipseLogger - Using platform encoding (Cp1252 actually) to copy filtered resources, i.e. build is platform dependent!
2017-07-28 16:49:42,219 [Worker-65] INFO  o.e.m.c.i.embedder.EclipseLogger - skip non existing resourceDirectory C:\Users\mpadulao\Documents\GitHub\Aplicacion\Mp3Web\src\test\resources
2017-07-28 16:50:09,874 [Worker-57] WARN  o.e.m.c.i.embedder.EclipseLogger - Using platform encoding (Cp1252 actually) to copy filtered resources, i.e. build is platform dependent!
2017-07-28 16:50:09,875 [Worker-57] INFO  o.e.m.c.i.embedder.EclipseLogger - Copying 0 resource
2017-07-28 16:50:09,877 [Worker-57] WARN  o.e.m.c.i.embedder.EclipseLogger - Using platform encoding (Cp1252 actually) to copy filtered resources, i.e. build is platform dependent!
2017-07-28 16:50:09,878 [Worker-57] INFO  o.e.m.c.i.embedder.EclipseLogger - skip non existing resourceDirectory C:\Users\mpadulao\Documents\GitHub\Aplicacion\Mp3Web\src\test\resources
2017-07-28 16:50:49,090 [Worker-57] WARN  o.e.m.c.i.embedder.EclipseLogger - Using platform encoding (Cp1252 actually) to copy filtered resources, i.e. build is platform dependent!
2017-07-28 16:50:49,091 [Worker-57] INFO  o.e.m.c.i.embedder.EclipseLogger - Copying 0 resource
2017-07-28 16:50:49,093 [Worker-57] WARN  o.e.m.c.i.embedder.EclipseLogger - Using platform encoding (Cp1252 actually) to copy filtered resources, i.e. build is platform dependent!
2017-07-28 16:50:49,094 [Worker-57] INFO  o.e.m.c.i.embedder.EclipseLogger - skip non existing resourceDirectory C:\Users\mpadulao\Documents\GitHub\Aplicacion\Mp3Web\src\test\resources
2017-07-28 16:51:47,462 [Worker-64] WARN  o.e.m.c.i.embedder.EclipseLogger - Using platform encoding (Cp1252 actually) to copy filtered resources, i.e. build is platform dependent!
2017-07-28 16:51:47,464 [Worker-64] INFO  o.e.m.c.i.embedder.EclipseLogger - Copying 0 resource
2017-07-28 16:51:47,466 [Worker-64] WARN  o.e.m.c.i.embedder.EclipseLogger - Using platform encoding (Cp1252 actually) to copy filtered resources, i.e. build is platform dependent!
2017-07-28 16:51:47,467 [Worker-64] INFO  o.e.m.c.i.embedder.EclipseLogger - skip non existing resourceDirectory C:\Users\mpadulao\Documents\GitHub\Aplicacion\Mp3Web\src\test\resources
2017-07-28 16:52:09,723 [Worker-57] WARN  o.e.m.c.i.embedder.EclipseLogger - Using platform encoding (Cp1252 actually) to copy filtered resources, i.e. build is platform dependent!
2017-07-28 16:52:09,742 [Worker-57] INFO  o.e.m.c.i.embedder.EclipseLogger - Copying 0 resource
2017-07-28 16:52:09,744 [Worker-57] WARN  o.e.m.c.i.embedder.EclipseLogger - Using platform encoding (Cp1252 actually) to copy filtered resources, i.e. build is platform dependent!
2017-07-28 16:52:09,746 [Worker-57] INFO  o.e.m.c.i.embedder.EclipseLogger - skip non existing resourceDirectory C:\Users\mpadulao\Documents\GitHub\Aplicacion\Mp3Web\src\test\resources
2017-07-28 16:52:50,183 [Worker-57] WARN  o.e.m.c.i.embedder.EclipseLogger - Using platform encoding (Cp1252 actually) to copy filtered resources, i.e. build is platform dependent!
2017-07-28 16:52:50,184 [Worker-57] INFO  o.e.m.c.i.embedder.EclipseLogger - Copying 0 resource
2017-07-28 16:52:50,185 [Worker-57] WARN  o.e.m.c.i.embedder.EclipseLogger - Using platform encoding (Cp1252 actually) to copy filtered resources, i.e. build is platform dependent!
2017-07-28 16:52:50,186 [Worker-57] INFO  o.e.m.c.i.embedder.EclipseLogger - skip non existing resourceDirectory C:\Users\mpadulao\Documents\GitHub\Aplicacion\Mp3Web\src\test\resources
2017-07-28 16:53:02,309 [Worker-70] WARN  o.e.m.c.i.embedder.EclipseLogger - Using platform encoding (Cp1252 actually) to copy filtered resources, i.e. build is platform dependent!
2017-07-28 16:53:02,310 [Worker-70] INFO  o.e.m.c.i.embedder.EclipseLogger - Copying 0 resource
2017-07-28 16:53:02,312 [Worker-70] WARN  o.e.m.c.i.embedder.EclipseLogger - Using platform encoding (Cp1252 actually) to copy filtered resources, i.e. build is platform dependent!
2017-07-28 16:53:02,313 [Worker-70] INFO  o.e.m.c.i.embedder.EclipseLogger - skip non existing resourceDirectory C:\Users\mpadulao\Documents\GitHub\Aplicacion\Mp3Web\src\test\resources
2017-07-28 17:03:45,118 [Worker-68] WARN  o.e.m.c.i.embedder.EclipseLogger - Using platform encoding (Cp1252 actually) to copy filtered resources, i.e. build is platform dependent!
2017-07-28 17:03:45,120 [Worker-68] INFO  o.e.m.c.i.embedder.EclipseLogger - Copying 0 resource
2017-07-28 17:03:45,121 [Worker-68] WARN  o.e.m.c.i.embedder.EclipseLogger - Using platform encoding (Cp1252 actually) to copy filtered resources, i.e. build is platform dependent!
2017-07-28 17:03:45,123 [Worker-68] INFO  o.e.m.c.i.embedder.EclipseLogger - skip non existing resourceDirectory C:\Users\mpadulao\Documents\GitHub\Aplicacion\Mp3Web\src\test\resources
2017-07-28 17:06:26,797 [Worker-74] WARN  o.e.m.c.i.embedder.EclipseLogger - Using platform encoding (Cp1252 actually) to copy filtered resources, i.e. build is platform dependent!
2017-07-28 17:06:26,815 [Worker-74] INFO  o.e.m.c.i.embedder.EclipseLogger - Copying 0 resource
2017-07-28 17:06:26,816 [Worker-74] WARN  o.e.m.c.i.embedder.EclipseLogger - Using platform encoding (Cp1252 actually) to copy filtered resources, i.e. build is platform dependent!
2017-07-28 17:06:26,825 [Worker-74] INFO  o.e.m.c.i.embedder.EclipseLogger - skip non existing resourceDirectory C:\Users\mpadulao\Documents\GitHub\Aplicacion\Mp3Web\src\test\resources
2017-07-28 17:06:33,054 [Worker-72] WARN  o.e.m.c.i.embedder.EclipseLogger - Using platform encoding (Cp1252 actually) to copy filtered resources, i.e. build is platform dependent!
2017-07-28 17:06:33,056 [Worker-72] INFO  o.e.m.c.i.embedder.EclipseLogger - Copying 0 resource
2017-07-28 17:06:33,057 [Worker-72] WARN  o.e.m.c.i.embedder.EclipseLogger - Using platform encoding (Cp1252 actually) to copy filtered resources, i.e. build is platform dependent!
2017-07-28 17:06:33,059 [Worker-72] INFO  o.e.m.c.i.embedder.EclipseLogger - skip non existing resourceDirectory C:\Users\mpadulao\Documents\GitHub\Aplicacion\Mp3Web\src\test\resources
2017-07-28 17:06:49,046 [Worker-72] WARN  o.e.m.c.i.embedder.EclipseLogger - Using platform encoding (Cp1252 actually) to copy filtered resources, i.e. build is platform dependent!
2017-07-28 17:06:49,047 [Worker-72] INFO  o.e.m.c.i.embedder.EclipseLogger - Copying 0 resource
2017-07-28 17:06:49,049 [Worker-72] WARN  o.e.m.c.i.embedder.EclipseLogger - Using platform encoding (Cp1252 actually) to copy filtered resources, i.e. build is platform dependent!
2017-07-28 17:06:49,051 [Worker-72] INFO  o.e.m.c.i.embedder.EclipseLogger - skip non existing resourceDirectory C:\Users\mpadulao\Documents\GitHub\Aplicacion\Mp3Web\src\test\resources
2017-07-28 17:24:40,703 [Worker-81] WARN  o.e.m.c.i.embedder.EclipseLogger - Using platform encoding (Cp1252 actually) to copy filtered resources, i.e. build is platform dependent!
2017-07-28 17:24:40,725 [Worker-81] INFO  o.e.m.c.i.embedder.EclipseLogger - Copying 0 resource
2017-07-28 17:24:40,726 [Worker-81] WARN  o.e.m.c.i.embedder.EclipseLogger - Using platform encoding (Cp1252 actually) to copy filtered resources, i.e. build is platform dependent!
2017-07-28 17:24:40,727 [Worker-81] INFO  o.e.m.c.i.embedder.EclipseLogger - skip non existing resourceDirectory C:\Users\mpadulao\Documents\GitHub\Aplicacion\Mp3Web\src\test\resources
2017-07-28 17:25:19,364 [Worker-81] WARN  o.e.m.c.i.embedder.EclipseLogger - Using platform encoding (Cp1252 actually) to copy filtered resources, i.e. build is platform dependent!
2017-07-28 17:25:19,366 [Worker-81] INFO  o.e.m.c.i.embedder.EclipseLogger - Copying 0 resource
2017-07-28 17:25:19,368 [Worker-81] WARN  o.e.m.c.i.embedder.EclipseLogger - Using platform encoding (Cp1252 actually) to copy filtered resources, i.e. build is platform dependent!
2017-07-28 17:25:19,369 [Worker-81] INFO  o.e.m.c.i.embedder.EclipseLogger - skip non existing resourceDirectory C:\Users\mpadulao\Documents\GitHub\Aplicacion\Mp3Web\src\test\resources
2017-07-28 17:26:53,556 [Worker-83] WARN  o.e.m.c.i.embedder.EclipseLogger - Using platform encoding (Cp1252 actually) to copy filtered resources, i.e. build is platform dependent!
2017-07-28 17:26:53,558 [Worker-83] INFO  o.e.m.c.i.embedder.EclipseLogger - Copying 0 resource
2017-07-28 17:26:53,559 [Worker-83] WARN  o.e.m.c.i.embedder.EclipseLogger - Using platform encoding (Cp1252 actually) to copy filtered resources, i.e. build is platform dependent!
2017-07-28 17:26:53,561 [Worker-83] INFO  o.e.m.c.i.embedder.EclipseLogger - skip non existing resourceDirectory C:\Users\mpadulao\Documents\GitHub\Aplicacion\Mp3Web\src\test\resources
2017-07-28 17:27:35,076 [Worker-85] WARN  o.e.m.c.i.embedder.EclipseLogger - Using platform encoding (Cp1252 actually) to copy filtered resources, i.e. build is platform dependent!
2017-07-28 17:27:35,078 [Worker-85] INFO  o.e.m.c.i.embedder.EclipseLogger - Copying 0 resource
2017-07-28 17:27:35,079 [Worker-85] WARN  o.e.m.c.i.embedder.EclipseLogger - Using platform encoding (Cp1252 actually) to copy filtered resources, i.e. build is platform dependent!
2017-07-28 17:27:35,080 [Worker-85] INFO  o.e.m.c.i.embedder.EclipseLogger - skip non existing resourceDirectory C:\Users\mpadulao\Documents\GitHub\Aplicacion\Mp3Web\src\test\resources
2017-07-28 17:28:08,896 [Worker-83] WARN  o.e.m.c.i.embedder.EclipseLogger - Using platform encoding (Cp1252 actually) to copy filtered resources, i.e. build is platform dependent!
2017-07-28 17:28:08,897 [Worker-83] INFO  o.e.m.c.i.embedder.EclipseLogger - Copying 0 resource
2017-07-28 17:28:08,899 [Worker-83] WARN  o.e.m.c.i.embedder.EclipseLogger - Using platform encoding (Cp1252 actually) to copy filtered resources, i.e. build is platform dependent!
2017-07-28 17:28:08,901 [Worker-83] INFO  o.e.m.c.i.embedder.EclipseLogger - skip non existing resourceDirectory C:\Users\mpadulao\Documents\GitHub\Aplicacion\Mp3Web\src\test\resources
2017-07-28 17:28:20,261 [Worker-85] WARN  o.e.m.c.i.embedder.EclipseLogger - Using platform encoding (Cp1252 actually) to copy filtered resources, i.e. build is platform dependent!
2017-07-28 17:28:20,263 [Worker-85] INFO  o.e.m.c.i.embedder.EclipseLogger - Copying 0 resource
2017-07-28 17:28:20,265 [Worker-85] WARN  o.e.m.c.i.embedder.EclipseLogger - Using platform encoding (Cp1252 actually) to copy filtered resources, i.e. build is platform dependent!
2017-07-28 17:28:20,267 [Worker-85] INFO  o.e.m.c.i.embedder.EclipseLogger - skip non existing resourceDirectory C:\Users\mpadulao\Documents\GitHub\Aplicacion\Mp3Web\src\test\resources
2017-07-28 17:28:39,235 [Worker-81] WARN  o.e.m.c.i.embedder.EclipseLogger - Using platform encoding (Cp1252 actually) to copy filtered resources, i.e. build is platform dependent!
2017-07-28 17:28:39,243 [Worker-81] INFO  o.e.m.c.i.embedder.EclipseLogger - Copying 0 resource
2017-07-28 17:28:39,251 [Worker-81] WARN  o.e.m.c.i.embedder.EclipseLogger - Using platform encoding (Cp1252 actually) to copy filtered resources, i.e. build is platform dependent!
2017-07-28 17:28:39,253 [Worker-81] INFO  o.e.m.c.i.embedder.EclipseLogger - skip non existing resourceDirectory C:\Users\mpadulao\Documents\GitHub\Aplicacion\Mp3Web\src\test\resources
2017-07-28 17:28:58,944 [Worker-81] WARN  o.e.m.c.i.embedder.EclipseLogger - Using platform encoding (Cp1252 actually) to copy filtered resources, i.e. build is platform dependent!
2017-07-28 17:28:58,946 [Worker-81] INFO  o.e.m.c.i.embedder.EclipseLogger - Copying 0 resource
2017-07-28 17:28:58,947 [Worker-81] WARN  o.e.m.c.i.embedder.EclipseLogger - Using platform encoding (Cp1252 actually) to copy filtered resources, i.e. build is platform dependent!
2017-07-28 17:28:58,949 [Worker-81] INFO  o.e.m.c.i.embedder.EclipseLogger - skip non existing resourceDirectory C:\Users\mpadulao\Documents\GitHub\Aplicacion\Mp3Web\src\test\resources
2017-07-31 10:19:07,490 [Worker-1024] INFO  o.e.m.c.i.l.LifecycleMappingFactory - Using org.maven.ide.eclipse.wtp.WarLifecycleMapping lifecycle mapping for MavenProject: com.inchcape:turnos:0.0.1-SNAPSHOT @ C:\Users\mpadulao\workspace\turnos\pom.xml.
2017-07-31 10:19:14,272 [Worker-1024] INFO  o.e.m.j.i.AbstractJavaProjectConfigurator - Adding source folder /turnos/src/main/java
2017-07-31 10:19:14,272 [Worker-1024] INFO  o.e.m.j.i.AbstractJavaProjectConfigurator - Adding resource folder /turnos/src/main/resources
2017-07-31 10:19:14,273 [Worker-1024] INFO  o.e.m.j.i.AbstractJavaProjectConfigurator - Adding source folder /turnos/src/test/java
2017-07-31 10:19:17,406 [Worker-1024] ERROR o.e.m2e.wtp.WTPProjectConfigurator - Unable to configure turnos
org.eclipse.m2e.wtp.MarkedException: Unable to configure turnos
	at org.eclipse.m2e.wtp.AbstractProjectConfiguratorDelegate.configureProject(AbstractProjectConfiguratorDelegate.java:98) ~[na:na]
	at org.eclipse.m2e.wtp.WTPProjectConfigurator.configure(WTPProjectConfigurator.java:68) ~[na:na]
	at org.eclipse.m2e.core.project.configurator.AbstractLifecycleMapping.configure(AbstractLifecycleMapping.java:120) [org.eclipse.m2e.core_1.7.0.20160603-1933.jar:na]
	at org.eclipse.m2e.core.internal.project.ProjectConfigurationManager$3.call(ProjectConfigurationManager.java:501) [org.eclipse.m2e.core_1.7.0.20160603-1933.jar:na]
	at org.eclipse.m2e.core.internal.project.ProjectConfigurationManager$3.call(ProjectConfigurationManager.java:1) [org.eclipse.m2e.core_1.7.0.20160603-1933.jar:na]
	at org.eclipse.m2e.core.internal.embedder.MavenExecutionContext.executeBare(MavenExecutionContext.java:176) [org.eclipse.m2e.core_1.7.0.20160603-1933.jar:na]
	at org.eclipse.m2e.core.internal.embedder.MavenExecutionContext.execute(MavenExecutionContext.java:151) [org.eclipse.m2e.core_1.7.0.20160603-1933.jar:na]
	at org.eclipse.m2e.core.internal.project.ProjectConfigurationManager.updateProjectConfiguration(ProjectConfigurationManager.java:494) [org.eclipse.m2e.core_1.7.0.20160603-1933.jar:na]
	at org.eclipse.m2e.core.internal.project.ProjectConfigurationManager.configureNewMavenProjects(ProjectConfigurationManager.java:281) [org.eclipse.m2e.core_1.7.0.20160603-1933.jar:na]
	at org.eclipse.m2e.core.internal.project.ProjectConfigurationManager$1.call(ProjectConfigurationManager.java:168) [org.eclipse.m2e.core_1.7.0.20160603-1933.jar:na]
	at org.eclipse.m2e.core.internal.project.ProjectConfigurationManager$1.call(ProjectConfigurationManager.java:1) [org.eclipse.m2e.core_1.7.0.20160603-1933.jar:na]
	at org.eclipse.m2e.core.internal.embedder.MavenExecutionContext.executeBare(MavenExecutionContext.java:176) [org.eclipse.m2e.core_1.7.0.20160603-1933.jar:na]
	at org.eclipse.m2e.core.internal.embedder.MavenExecutionContext.execute(MavenExecutionContext.java:151) [org.eclipse.m2e.core_1.7.0.20160603-1933.jar:na]
	at org.eclipse.m2e.core.internal.embedder.MavenExecutionContext.execute(MavenExecutionContext.java:99) [org.eclipse.m2e.core_1.7.0.20160603-1933.jar:na]
	at org.eclipse.m2e.core.internal.embedder.MavenImpl.execute(MavenImpl.java:1355) [org.eclipse.m2e.core_1.7.0.20160603-1933.jar:na]
	at org.eclipse.m2e.core.internal.project.ProjectConfigurationManager.importProjects(ProjectConfigurationManager.java:136) [org.eclipse.m2e.core_1.7.0.20160603-1933.jar:na]
	at org.eclipse.m2e.core.ui.internal.wizards.ImportMavenProjectsJob$1.doCreateMavenProjects(ImportMavenProjectsJob.java:68) [org.eclipse.m2e.core.ui_1.7.0.20160603-1933.jar:na]
	at org.eclipse.m2e.core.ui.internal.wizards.AbstractCreateMavenProjectsOperation.run(AbstractCreateMavenProjectsOperation.java:62) [org.eclipse.m2e.core.ui_1.7.0.20160603-1933.jar:na]
	at org.eclipse.m2e.core.ui.internal.wizards.ImportMavenProjectsJob.runInWorkspace(ImportMavenProjectsJob.java:77) [org.eclipse.m2e.core.ui_1.7.0.20160603-1933.jar:na]
	at org.eclipse.core.internal.resources.InternalWorkspaceJob.run(InternalWorkspaceJob.java:39) [org.eclipse.core.resources_3.11.1.v20161107-2032.jar:na]
	at org.eclipse.core.internal.jobs.Worker.run(Worker.java:55) [org.eclipse.core.jobs_3.8.0.v20160509-0411.jar:na]
Caused by: org.eclipse.core.runtime.CoreException: One or more constraints have not been satisfied.
	at org.eclipse.wst.common.project.facet.core.internal.FacetedProject.modifyInternal(FacetedProject.java:363) ~[na:na]
	at org.eclipse.wst.common.project.facet.core.internal.FacetedProject.mergeChangesInternal(FacetedProject.java:1181) ~[na:na]
	at org.eclipse.wst.common.project.facet.core.internal.FacetedProject.access$2(FacetedProject.java:1117) ~[na:na]
	at org.eclipse.wst.common.project.facet.core.internal.FacetedProject$1.run(FacetedProject.java:324) ~[na:na]
	at org.eclipse.core.internal.resources.Workspace.run(Workspace.java:2240) ~[org.eclipse.core.resources_3.11.1.v20161107-2032.jar:na]
	at org.eclipse.core.internal.resources.Workspace.run(Workspace.java:2267) ~[org.eclipse.core.resources_3.11.1.v20161107-2032.jar:na]
	at org.eclipse.wst.common.project.facet.core.internal.FacetedProject.modify(FacetedProject.java:339) ~[na:na]
	at org.eclipse.m2e.wtp.WebProjectConfiguratorDelegate.configure(WebProjectConfiguratorDelegate.java:136) ~[na:na]
	at org.eclipse.m2e.wtp.AbstractProjectConfiguratorDelegate.configureProject(AbstractProjectConfiguratorDelegate.java:94) ~[na:na]
	... 20 common frames omitted
2017-07-31 10:19:21,398 [Worker-1024] INFO  o.e.m.c.i.p.ProjectConfigurationManager - Imported and configured 1 project(s) in 25 sec
2017-07-31 10:19:34,601 [Worker-1026] WARN  o.e.m.c.i.embedder.EclipseLogger - Using platform encoding (Cp1252 actually) to copy filtered resources, i.e. build is platform dependent!
2017-07-31 10:19:34,605 [Worker-1026] INFO  o.e.m.c.i.embedder.EclipseLogger - Copying 1 resource
2017-07-31 10:19:34,643 [Worker-1026] WARN  o.e.m.c.i.embedder.EclipseLogger - Using platform encoding (Cp1252 actually) to copy filtered resources, i.e. build is platform dependent!
2017-07-31 10:19:34,644 [Worker-1026] INFO  o.e.m.c.i.embedder.EclipseLogger - skip non existing resourceDirectory C:\Users\mpadulao\workspace\turnos\src\test\resources
2017-07-31 10:22:14,985 [Worker-1029] INFO  o.e.m.c.i.l.LifecycleMappingFactory - Using org.maven.ide.eclipse.wtp.WarLifecycleMapping lifecycle mapping for MavenProject: com.inchcape:turnos:0.0.1-SNAPSHOT @ C:\Users\mpadulao\workspace\turnos\pom.xml.
2017-07-31 10:22:15,729 [Worker-1029] WARN  o.e.m.c.i.embedder.EclipseLogger - Using platform encoding (Cp1252 actually) to copy filtered resources, i.e. build is platform dependent!
2017-07-31 10:22:15,731 [Worker-1029] INFO  o.e.m.c.i.embedder.EclipseLogger - Copying 0 resource
2017-07-31 10:22:15,732 [Worker-1029] WARN  o.e.m.c.i.embedder.EclipseLogger - Using platform encoding (Cp1252 actually) to copy filtered resources, i.e. build is platform dependent!
2017-07-31 10:22:15,740 [Worker-1029] INFO  o.e.m.c.i.embedder.EclipseLogger - skip non existing resourceDirectory C:\Users\mpadulao\workspace\turnos\src\test\resources
2017-07-31 10:22:15,740 [Worker-1029] INFO  o.e.m.w.i.f.ResourceFilteringBuildParticipant - Changed resources require a complete clean of filtered resources of turnos
2017-07-31 10:22:15,763 [Worker-1029] INFO  o.e.m.w.i.f.ResourceFilteringBuildParticipant - Executing resource filtering for turnos
2017-07-31 10:22:16,905 [Worker-1029] WARN  o.e.m.c.i.embedder.EclipseLogger - Using platform encoding (Cp1252 actually) to copy filtered resources, i.e. build is platform dependent!
2017-07-31 10:22:55,375 [Worker-1016] WARN  o.e.m.c.i.embedder.EclipseLogger - Using platform encoding (Cp1252 actually) to copy filtered resources, i.e. build is platform dependent!
2017-07-31 10:22:55,377 [Worker-1016] INFO  o.e.m.c.i.embedder.EclipseLogger - Copying 1 resource
2017-07-31 10:22:55,381 [Worker-1016] WARN  o.e.m.c.i.embedder.EclipseLogger - Using platform encoding (Cp1252 actually) to copy filtered resources, i.e. build is platform dependent!
2017-07-31 10:22:55,383 [Worker-1016] INFO  o.e.m.c.i.embedder.EclipseLogger - skip non existing resourceDirectory C:\Users\mpadulao\workspace\turnos\src\test\resources
2017-07-31 10:23:53,010 [Worker-1029] INFO  o.e.m.c.i.p.ProjectConfigurationManager - Update started
2017-07-31 10:23:53,150 [Worker-1029] INFO  o.e.m.c.i.l.LifecycleMappingFactory - Using org.maven.ide.eclipse.wtp.WarLifecycleMapping lifecycle mapping for MavenProject: com.inchcape:turnos:0.0.1-SNAPSHOT @ C:\Users\mpadulao\workspace\turnos\pom.xml.
2017-07-31 10:23:54,182 [Worker-1029] INFO  o.e.m.j.i.AbstractJavaProjectConfigurator - Adding source folder /turnos/src/main/java
2017-07-31 10:23:54,182 [Worker-1029] INFO  o.e.m.j.i.AbstractJavaProjectConfigurator - Adding resource folder /turnos/src/main/resources
2017-07-31 10:23:54,183 [Worker-1029] INFO  o.e.m.j.i.AbstractJavaProjectConfigurator - Adding source folder /turnos/src/test/java
2017-07-31 10:23:55,477 [Worker-1029] INFO  o.e.m.w.i.f.ResourceFilteringBuildParticipant - Cleaning filtered folder for turnos
2017-07-31 10:23:55,529 [Worker-1029] INFO  o.e.m.c.i.p.ProjectConfigurationManager - Update completed: 2 sec
2017-07-31 10:23:56,277 [Worker-1024] WARN  o.e.m.c.i.embedder.EclipseLogger - Using platform encoding (Cp1252 actually) to copy filtered resources, i.e. build is platform dependent!
2017-07-31 10:23:56,279 [Worker-1024] INFO  o.e.m.c.i.embedder.EclipseLogger - Copying 1 resource
2017-07-31 10:23:56,284 [Worker-1024] WARN  o.e.m.c.i.embedder.EclipseLogger - Using platform encoding (Cp1252 actually) to copy filtered resources, i.e. build is platform dependent!
2017-07-31 10:23:56,288 [Worker-1024] INFO  o.e.m.c.i.embedder.EclipseLogger - skip non existing resourceDirectory C:\Users\mpadulao\workspace\turnos\src\test\resources
2017-07-31 10:23:56,288 [Worker-1024] INFO  o.e.m.w.i.f.ResourceFilteringBuildParticipant - Changed resources require a complete clean of filtered resources of turnos
2017-07-31 10:23:56,288 [Worker-1024] INFO  o.e.m.w.i.f.ResourceFilteringBuildParticipant - Executing resource filtering for turnos
2017-07-31 10:23:56,314 [Worker-1024] WARN  o.e.m.c.i.embedder.EclipseLogger - Using platform encoding (Cp1252 actually) to copy filtered resources, i.e. build is platform dependent!
2017-07-31 10:24:34,407 [Worker-1031] WARN  o.e.m.c.i.embedder.EclipseLogger - Using platform encoding (Cp1252 actually) to copy filtered resources, i.e. build is platform dependent!
2017-07-31 10:24:34,410 [Worker-1031] INFO  o.e.m.c.i.embedder.EclipseLogger - Copying 0 resource
2017-07-31 10:24:34,412 [Worker-1031] WARN  o.e.m.c.i.embedder.EclipseLogger - Using platform encoding (Cp1252 actually) to copy filtered resources, i.e. build is platform dependent!
2017-07-31 10:24:34,414 [Worker-1031] INFO  o.e.m.c.i.embedder.EclipseLogger - skip non existing resourceDirectory C:\Users\mpadulao\Documents\GitHub\Aplicacion\Mp3Web\src\test\resources
2017-07-31 10:24:34,428 [Worker-1031] WARN  o.e.m.c.i.embedder.EclipseLogger - Using platform encoding (Cp1252 actually) to copy filtered resources, i.e. build is platform dependent!
2017-07-31 10:24:34,439 [Worker-1031] INFO  o.e.m.c.i.embedder.EclipseLogger - Copying 0 resource
2017-07-31 10:24:34,440 [Worker-1031] WARN  o.e.m.c.i.embedder.EclipseLogger - Using platform encoding (Cp1252 actually) to copy filtered resources, i.e. build is platform dependent!
2017-07-31 10:24:34,442 [Worker-1031] INFO  o.e.m.c.i.embedder.EclipseLogger - skip non existing resourceDirectory C:\Users\mpadulao\workspace\turnos\src\test\resources
2017-07-31 10:32:44,779 [Worker-1030] WARN  o.e.m.c.i.embedder.EclipseLogger - Using platform encoding (Cp1252 actually) to copy filtered resources, i.e. build is platform dependent!
2017-07-31 10:32:44,795 [Worker-1030] INFO  o.e.m.c.i.embedder.EclipseLogger - Copying 1 resource
2017-07-31 10:32:44,797 [Worker-1030] WARN  o.e.m.c.i.embedder.EclipseLogger - Using platform encoding (Cp1252 actually) to copy filtered resources, i.e. build is platform dependent!
2017-07-31 10:32:44,811 [Worker-1030] INFO  o.e.m.c.i.embedder.EclipseLogger - skip non existing resourceDirectory C:\Users\mpadulao\workspace\turnos\src\test\resources
2017-07-31 10:36:01,091 [Worker-1016] WARN  o.e.m.c.i.embedder.EclipseLogger - Using platform encoding (Cp1252 actually) to copy filtered resources, i.e. build is platform dependent!
2017-07-31 10:36:01,236 [Worker-1016] INFO  o.e.m.c.i.embedder.EclipseLogger - Copying 0 resource
2017-07-31 10:36:01,237 [Worker-1016] WARN  o.e.m.c.i.embedder.EclipseLogger - Using platform encoding (Cp1252 actually) to copy filtered resources, i.e. build is platform dependent!
2017-07-31 10:36:01,238 [Worker-1016] INFO  o.e.m.c.i.embedder.EclipseLogger - skip non existing resourceDirectory C:\Users\mpadulao\workspace\turnos\src\test\resources
2017-07-31 10:42:01,968 [Worker-1033] WARN  o.e.m.c.i.embedder.EclipseLogger - Using platform encoding (Cp1252 actually) to copy filtered resources, i.e. build is platform dependent!
2017-07-31 10:42:01,989 [Worker-1033] INFO  o.e.m.c.i.embedder.EclipseLogger - Copying 1 resource
2017-07-31 10:42:02,030 [Worker-1033] WARN  o.e.m.c.i.embedder.EclipseLogger - Using platform encoding (Cp1252 actually) to copy filtered resources, i.e. build is platform dependent!
2017-07-31 10:42:02,077 [Worker-1033] INFO  o.e.m.c.i.embedder.EclipseLogger - skip non existing resourceDirectory C:\Users\mpadulao\workspace\turnos\src\test\resources
2017-07-31 10:42:09,103 [Worker-1034] WARN  o.e.m.c.i.embedder.EclipseLogger - Using platform encoding (Cp1252 actually) to copy filtered resources, i.e. build is platform dependent!
2017-07-31 10:42:09,106 [Worker-1034] INFO  o.e.m.c.i.embedder.EclipseLogger - Copying 1 resource
2017-07-31 10:42:09,108 [Worker-1034] WARN  o.e.m.c.i.embedder.EclipseLogger - Using platform encoding (Cp1252 actually) to copy filtered resources, i.e. build is platform dependent!
2017-07-31 10:42:09,110 [Worker-1034] INFO  o.e.m.c.i.embedder.EclipseLogger - skip non existing resourceDirectory C:\Users\mpadulao\workspace\turnos\src\test\resources
2017-07-31 10:50:23,226 [Worker-1033] WARN  o.e.m.c.i.embedder.EclipseLogger - Using platform encoding (Cp1252 actually) to copy filtered resources, i.e. build is platform dependent!
2017-07-31 10:50:23,237 [Worker-1033] INFO  o.e.m.c.i.embedder.EclipseLogger - Copying 1 resource
2017-07-31 10:50:23,267 [Worker-1033] WARN  o.e.m.c.i.embedder.EclipseLogger - Using platform encoding (Cp1252 actually) to copy filtered resources, i.e. build is platform dependent!
2017-07-31 10:50:23,268 [Worker-1033] INFO  o.e.m.c.i.embedder.EclipseLogger - skip non existing resourceDirectory C:\Users\mpadulao\workspace\turnos\src\test\resources
2017-07-31 10:54:43,697 [Worker-1048] WARN  o.e.m.c.i.embedder.EclipseLogger - Using platform encoding (Cp1252 actually) to copy filtered resources, i.e. build is platform dependent!
2017-07-31 10:54:43,714 [Worker-1048] INFO  o.e.m.c.i.embedder.EclipseLogger - Copying 1 resource
2017-07-31 10:54:43,717 [Worker-1048] WARN  o.e.m.c.i.embedder.EclipseLogger - Using platform encoding (Cp1252 actually) to copy filtered resources, i.e. build is platform dependent!
2017-07-31 10:54:43,719 [Worker-1048] INFO  o.e.m.c.i.embedder.EclipseLogger - skip non existing resourceDirectory C:\Users\mpadulao\workspace\turnos\src\test\resources
2017-07-31 11:20:40,918 [Worker-1051] WARN  o.e.m.c.i.embedder.EclipseLogger - Using platform encoding (Cp1252 actually) to copy filtered resources, i.e. build is platform dependent!
2017-07-31 11:20:40,944 [Worker-1051] INFO  o.e.m.c.i.embedder.EclipseLogger - Copying 0 resource
2017-07-31 11:20:41,044 [Worker-1051] WARN  o.e.m.c.i.embedder.EclipseLogger - Using platform encoding (Cp1252 actually) to copy filtered resources, i.e. build is platform dependent!
2017-07-31 11:20:41,046 [Worker-1051] INFO  o.e.m.c.i.embedder.EclipseLogger - skip non existing resourceDirectory C:\Users\mpadulao\workspace\turnos\src\test\resources
2017-07-31 11:22:27,225 [Worker-1051] WARN  o.e.m.c.i.embedder.EclipseLogger - Using platform encoding (Cp1252 actually) to copy filtered resources, i.e. build is platform dependent!
2017-07-31 11:22:27,227 [Worker-1051] INFO  o.e.m.c.i.embedder.EclipseLogger - Copying 0 resource
2017-07-31 11:22:27,228 [Worker-1051] WARN  o.e.m.c.i.embedder.EclipseLogger - Using platform encoding (Cp1252 actually) to copy filtered resources, i.e. build is platform dependent!
2017-07-31 11:22:27,228 [Worker-1051] INFO  o.e.m.c.i.embedder.EclipseLogger - skip non existing resourceDirectory C:\Users\mpadulao\workspace\turnos\src\test\resources
2017-07-31 11:22:35,662 [Worker-1034] WARN  o.e.m.c.i.embedder.EclipseLogger - Using platform encoding (Cp1252 actually) to copy filtered resources, i.e. build is platform dependent!
2017-07-31 11:22:35,664 [Worker-1034] INFO  o.e.m.c.i.embedder.EclipseLogger - Copying 0 resource
2017-07-31 11:22:35,665 [Worker-1034] WARN  o.e.m.c.i.embedder.EclipseLogger - Using platform encoding (Cp1252 actually) to copy filtered resources, i.e. build is platform dependent!
2017-07-31 11:22:35,666 [Worker-1034] INFO  o.e.m.c.i.embedder.EclipseLogger - skip non existing resourceDirectory C:\Users\mpadulao\workspace\turnos\src\test\resources
2017-07-31 11:22:39,406 [Worker-1055] WARN  o.e.m.c.i.embedder.EclipseLogger - Using platform encoding (Cp1252 actually) to copy filtered resources, i.e. build is platform dependent!
2017-07-31 11:22:39,408 [Worker-1055] INFO  o.e.m.c.i.embedder.EclipseLogger - Copying 0 resource
2017-07-31 11:22:39,409 [Worker-1055] WARN  o.e.m.c.i.embedder.EclipseLogger - Using platform encoding (Cp1252 actually) to copy filtered resources, i.e. build is platform dependent!
2017-07-31 11:22:39,411 [Worker-1055] INFO  o.e.m.c.i.embedder.EclipseLogger - skip non existing resourceDirectory C:\Users\mpadulao\workspace\turnos\src\test\resources
2017-07-31 11:28:00,600 [Worker-1034] WARN  o.e.m.c.i.embedder.EclipseLogger - Using platform encoding (Cp1252 actually) to copy filtered resources, i.e. build is platform dependent!
2017-07-31 11:28:00,601 [Worker-1034] INFO  o.e.m.c.i.embedder.EclipseLogger - Copying 0 resource
2017-07-31 11:28:00,603 [Worker-1034] WARN  o.e.m.c.i.embedder.EclipseLogger - Using platform encoding (Cp1252 actually) to copy filtered resources, i.e. build is platform dependent!
2017-07-31 11:28:00,604 [Worker-1034] INFO  o.e.m.c.i.embedder.EclipseLogger - skip non existing resourceDirectory C:\Users\mpadulao\workspace\turnos\src\test\resources
2017-07-31 11:36:12,985 [Worker-1052] WARN  o.e.m.c.i.embedder.EclipseLogger - Using platform encoding (Cp1252 actually) to copy filtered resources, i.e. build is platform dependent!
2017-07-31 11:36:12,995 [Worker-1052] INFO  o.e.m.c.i.embedder.EclipseLogger - Copying 0 resource
2017-07-31 11:36:13,005 [Worker-1052] WARN  o.e.m.c.i.embedder.EclipseLogger - Using platform encoding (Cp1252 actually) to copy filtered resources, i.e. build is platform dependent!
2017-07-31 11:36:13,005 [Worker-1052] INFO  o.e.m.c.i.embedder.EclipseLogger - skip non existing resourceDirectory C:\Users\mpadulao\workspace\turnos\src\test\resources
2017-07-31 11:36:24,913 [Worker-1034] WARN  o.e.m.c.i.embedder.EclipseLogger - Using platform encoding (Cp1252 actually) to copy filtered resources, i.e. build is platform dependent!
2017-07-31 11:36:24,944 [Worker-1034] INFO  o.e.m.c.i.embedder.EclipseLogger - Copying 0 resource
2017-07-31 11:36:24,945 [Worker-1034] WARN  o.e.m.c.i.embedder.EclipseLogger - Using platform encoding (Cp1252 actually) to copy filtered resources, i.e. build is platform dependent!
2017-07-31 11:36:24,949 [Worker-1034] INFO  o.e.m.c.i.embedder.EclipseLogger - skip non existing resourceDirectory C:\Users\mpadulao\workspace\turnos\src\test\resources
2017-07-31 11:36:39,872 [Worker-1034] WARN  o.e.m.c.i.embedder.EclipseLogger - Using platform encoding (Cp1252 actually) to copy filtered resources, i.e. build is platform dependent!
2017-07-31 11:36:39,874 [Worker-1034] INFO  o.e.m.c.i.embedder.EclipseLogger - Copying 1 resource
2017-07-31 11:36:39,899 [Worker-1034] WARN  o.e.m.c.i.embedder.EclipseLogger - Using platform encoding (Cp1252 actually) to copy filtered resources, i.e. build is platform dependent!
2017-07-31 11:36:39,900 [Worker-1034] INFO  o.e.m.c.i.embedder.EclipseLogger - skip non existing resourceDirectory C:\Users\mpadulao\workspace\turnos\src\test\resources
2017-07-31 11:43:57,124 [Worker-1055] WARN  o.e.m.c.i.embedder.EclipseLogger - Using platform encoding (Cp1252 actually) to copy filtered resources, i.e. build is platform dependent!
2017-07-31 11:43:57,126 [Worker-1055] INFO  o.e.m.c.i.embedder.EclipseLogger - Copying 0 resource
2017-07-31 11:43:57,127 [Worker-1055] WARN  o.e.m.c.i.embedder.EclipseLogger - Using platform encoding (Cp1252 actually) to copy filtered resources, i.e. build is platform dependent!
2017-07-31 11:43:57,136 [Worker-1055] INFO  o.e.m.c.i.embedder.EclipseLogger - skip non existing resourceDirectory C:\Users\mpadulao\workspace\turnos\src\test\resources
2017-07-31 11:44:01,160 [Worker-1056] WARN  o.e.m.c.i.embedder.EclipseLogger - Using platform encoding (Cp1252 actually) to copy filtered resources, i.e. build is platform dependent!
2017-07-31 11:44:01,162 [Worker-1056] INFO  o.e.m.c.i.embedder.EclipseLogger - Copying 0 resource
2017-07-31 11:44:01,163 [Worker-1056] WARN  o.e.m.c.i.embedder.EclipseLogger - Using platform encoding (Cp1252 actually) to copy filtered resources, i.e. build is platform dependent!
2017-07-31 11:44:01,165 [Worker-1056] INFO  o.e.m.c.i.embedder.EclipseLogger - skip non existing resourceDirectory C:\Users\mpadulao\workspace\turnos\src\test\resources
2017-07-31 11:45:30,138 [Worker-1048] WARN  o.e.m.c.i.embedder.EclipseLogger - Using platform encoding (Cp1252 actually) to copy filtered resources, i.e. build is platform dependent!
2017-07-31 11:45:30,140 [Worker-1048] INFO  o.e.m.c.i.embedder.EclipseLogger - Copying 0 resource
2017-07-31 11:45:30,141 [Worker-1048] WARN  o.e.m.c.i.embedder.EclipseLogger - Using platform encoding (Cp1252 actually) to copy filtered resources, i.e. build is platform dependent!
2017-07-31 11:45:30,143 [Worker-1048] INFO  o.e.m.c.i.embedder.EclipseLogger - skip non existing resourceDirectory C:\Users\mpadulao\workspace\turnos\src\test\resources
2017-07-31 11:48:14,432 [Worker-1058] WARN  o.e.m.c.i.embedder.EclipseLogger - Using platform encoding (Cp1252 actually) to copy filtered resources, i.e. build is platform dependent!
2017-07-31 11:48:14,434 [Worker-1058] INFO  o.e.m.c.i.embedder.EclipseLogger - Copying 0 resource
2017-07-31 11:48:14,435 [Worker-1058] WARN  o.e.m.c.i.embedder.EclipseLogger - Using platform encoding (Cp1252 actually) to copy filtered resources, i.e. build is platform dependent!
2017-07-31 11:48:14,436 [Worker-1058] INFO  o.e.m.c.i.embedder.EclipseLogger - skip non existing resourceDirectory C:\Users\mpadulao\workspace\turnos\src\test\resources
2017-07-31 11:55:04,341 [Worker-1056] WARN  o.e.m.c.i.embedder.EclipseLogger - Using platform encoding (Cp1252 actually) to copy filtered resources, i.e. build is platform dependent!
2017-07-31 11:55:04,343 [Worker-1056] INFO  o.e.m.c.i.embedder.EclipseLogger - Copying 1 resource
2017-07-31 11:55:04,345 [Worker-1056] WARN  o.e.m.c.i.embedder.EclipseLogger - Using platform encoding (Cp1252 actually) to copy filtered resources, i.e. build is platform dependent!
2017-07-31 11:55:04,346 [Worker-1056] INFO  o.e.m.c.i.embedder.EclipseLogger - skip non existing resourceDirectory C:\Users\mpadulao\workspace\turnos\src\test\resources
2017-07-31 11:55:23,341 [Worker-1048] WARN  o.e.m.c.i.embedder.EclipseLogger - Using platform encoding (Cp1252 actually) to copy filtered resources, i.e. build is platform dependent!
2017-07-31 11:55:23,344 [Worker-1048] INFO  o.e.m.c.i.embedder.EclipseLogger - Copying 1 resource
2017-07-31 11:55:23,346 [Worker-1048] WARN  o.e.m.c.i.embedder.EclipseLogger - Using platform encoding (Cp1252 actually) to copy filtered resources, i.e. build is platform dependent!
2017-07-31 11:55:23,347 [Worker-1048] INFO  o.e.m.c.i.embedder.EclipseLogger - skip non existing resourceDirectory C:\Users\mpadulao\workspace\turnos\src\test\resources
2017-07-31 12:06:18,062 [Worker-1056] WARN  o.e.m.c.i.embedder.EclipseLogger - Using platform encoding (Cp1252 actually) to copy filtered resources, i.e. build is platform dependent!
2017-07-31 12:06:18,064 [Worker-1056] INFO  o.e.m.c.i.embedder.EclipseLogger - Copying 1 resource
2017-07-31 12:06:18,066 [Worker-1056] WARN  o.e.m.c.i.embedder.EclipseLogger - Using platform encoding (Cp1252 actually) to copy filtered resources, i.e. build is platform dependent!
2017-07-31 12:06:18,067 [Worker-1056] INFO  o.e.m.c.i.embedder.EclipseLogger - skip non existing resourceDirectory C:\Users\mpadulao\workspace\turnos\src\test\resources
2017-07-31 12:06:34,033 [Worker-1063] WARN  o.e.m.c.i.embedder.EclipseLogger - Using platform encoding (Cp1252 actually) to copy filtered resources, i.e. build is platform dependent!
2017-07-31 12:06:34,035 [Worker-1063] INFO  o.e.m.c.i.embedder.EclipseLogger - Copying 1 resource
2017-07-31 12:06:34,036 [Worker-1063] WARN  o.e.m.c.i.embedder.EclipseLogger - Using platform encoding (Cp1252 actually) to copy filtered resources, i.e. build is platform dependent!
2017-07-31 12:06:34,037 [Worker-1063] INFO  o.e.m.c.i.embedder.EclipseLogger - skip non existing resourceDirectory C:\Users\mpadulao\workspace\turnos\src\test\resources
2017-07-31 12:12:59,317 [Worker-1048] WARN  o.e.m.c.i.embedder.EclipseLogger - Using platform encoding (Cp1252 actually) to copy filtered resources, i.e. build is platform dependent!
2017-07-31 12:12:59,319 [Worker-1048] INFO  o.e.m.c.i.embedder.EclipseLogger - Copying 1 resource
2017-07-31 12:12:59,331 [Worker-1048] WARN  o.e.m.c.i.embedder.EclipseLogger - Using platform encoding (Cp1252 actually) to copy filtered resources, i.e. build is platform dependent!
2017-07-31 12:12:59,332 [Worker-1048] INFO  o.e.m.c.i.embedder.EclipseLogger - skip non existing resourceDirectory C:\Users\mpadulao\workspace\turnos\src\test\resources
2017-07-31 12:13:12,192 [Worker-1064] WARN  o.e.m.c.i.embedder.EclipseLogger - Using platform encoding (Cp1252 actually) to copy filtered resources, i.e. build is platform dependent!
2017-07-31 12:13:12,194 [Worker-1064] INFO  o.e.m.c.i.embedder.EclipseLogger - Copying 1 resource
2017-07-31 12:13:12,196 [Worker-1064] WARN  o.e.m.c.i.embedder.EclipseLogger - Using platform encoding (Cp1252 actually) to copy filtered resources, i.e. build is platform dependent!
2017-07-31 12:13:12,200 [Worker-1064] INFO  o.e.m.c.i.embedder.EclipseLogger - skip non existing resourceDirectory C:\Users\mpadulao\workspace\turnos\src\test\resources
2017-07-31 12:14:58,115 [Worker-1064] WARN  o.e.m.c.i.embedder.EclipseLogger - Using platform encoding (Cp1252 actually) to copy filtered resources, i.e. build is platform dependent!
2017-07-31 12:14:58,117 [Worker-1064] INFO  o.e.m.c.i.embedder.EclipseLogger - Copying 1 resource
2017-07-31 12:14:58,118 [Worker-1064] WARN  o.e.m.c.i.embedder.EclipseLogger - Using platform encoding (Cp1252 actually) to copy filtered resources, i.e. build is platform dependent!
2017-07-31 12:14:58,119 [Worker-1064] INFO  o.e.m.c.i.embedder.EclipseLogger - skip non existing resourceDirectory C:\Users\mpadulao\workspace\turnos\src\test\resources
2017-07-31 12:20:16,038 [Worker-1062] WARN  o.e.m.c.i.embedder.EclipseLogger - Using platform encoding (Cp1252 actually) to copy filtered resources, i.e. build is platform dependent!
2017-07-31 12:20:16,041 [Worker-1062] INFO  o.e.m.c.i.embedder.EclipseLogger - Copying 1 resource
2017-07-31 12:20:16,043 [Worker-1062] WARN  o.e.m.c.i.embedder.EclipseLogger - Using platform encoding (Cp1252 actually) to copy filtered resources, i.e. build is platform dependent!
2017-07-31 12:20:16,044 [Worker-1062] INFO  o.e.m.c.i.embedder.EclipseLogger - skip non existing resourceDirectory C:\Users\mpadulao\workspace\turnos\src\test\resources
2017-07-31 12:20:49,463 [Worker-1048] WARN  o.e.m.c.i.embedder.EclipseLogger - Using platform encoding (Cp1252 actually) to copy filtered resources, i.e. build is platform dependent!
2017-07-31 12:20:49,464 [Worker-1048] INFO  o.e.m.c.i.embedder.EclipseLogger - Copying 1 resource
2017-07-31 12:20:49,465 [Worker-1048] WARN  o.e.m.c.i.embedder.EclipseLogger - Using platform encoding (Cp1252 actually) to copy filtered resources, i.e. build is platform dependent!
2017-07-31 12:20:49,467 [Worker-1048] INFO  o.e.m.c.i.embedder.EclipseLogger - skip non existing resourceDirectory C:\Users\mpadulao\workspace\turnos\src\test\resources
2017-07-31 12:21:25,724 [Worker-1056] WARN  o.e.m.c.i.embedder.EclipseLogger - Using platform encoding (Cp1252 actually) to copy filtered resources, i.e. build is platform dependent!
2017-07-31 12:21:25,726 [Worker-1056] INFO  o.e.m.c.i.embedder.EclipseLogger - Copying 1 resource
2017-07-31 12:21:25,728 [Worker-1056] WARN  o.e.m.c.i.embedder.EclipseLogger - Using platform encoding (Cp1252 actually) to copy filtered resources, i.e. build is platform dependent!
2017-07-31 12:21:25,730 [Worker-1056] INFO  o.e.m.c.i.embedder.EclipseLogger - skip non existing resourceDirectory C:\Users\mpadulao\workspace\turnos\src\test\resources
2017-07-31 12:22:05,905 [Worker-1048] WARN  o.e.m.c.i.embedder.EclipseLogger - Using platform encoding (Cp1252 actually) to copy filtered resources, i.e. build is platform dependent!
2017-07-31 12:22:05,906 [Worker-1048] INFO  o.e.m.c.i.embedder.EclipseLogger - Copying 1 resource
2017-07-31 12:22:05,908 [Worker-1048] WARN  o.e.m.c.i.embedder.EclipseLogger - Using platform encoding (Cp1252 actually) to copy filtered resources, i.e. build is platform dependent!
2017-07-31 12:22:05,910 [Worker-1048] INFO  o.e.m.c.i.embedder.EclipseLogger - skip non existing resourceDirectory C:\Users\mpadulao\workspace\turnos\src\test\resources
2017-07-31 12:22:16,787 [Worker-1048] WARN  o.e.m.c.i.embedder.EclipseLogger - Using platform encoding (Cp1252 actually) to copy filtered resources, i.e. build is platform dependent!
2017-07-31 12:22:16,789 [Worker-1048] INFO  o.e.m.c.i.embedder.EclipseLogger - Copying 1 resource
2017-07-31 12:22:16,791 [Worker-1048] WARN  o.e.m.c.i.embedder.EclipseLogger - Using platform encoding (Cp1252 actually) to copy filtered resources, i.e. build is platform dependent!
2017-07-31 12:22:16,793 [Worker-1048] INFO  o.e.m.c.i.embedder.EclipseLogger - skip non existing resourceDirectory C:\Users\mpadulao\workspace\turnos\src\test\resources
2017-07-31 12:24:35,363 [Worker-1048] WARN  o.e.m.c.i.embedder.EclipseLogger - Using platform encoding (Cp1252 actually) to copy filtered resources, i.e. build is platform dependent!
2017-07-31 12:24:35,387 [Worker-1048] INFO  o.e.m.c.i.embedder.EclipseLogger - Copying 1 resource
2017-07-31 12:24:35,388 [Worker-1048] WARN  o.e.m.c.i.embedder.EclipseLogger - Using platform encoding (Cp1252 actually) to copy filtered resources, i.e. build is platform dependent!
2017-07-31 12:24:35,389 [Worker-1048] INFO  o.e.m.c.i.embedder.EclipseLogger - skip non existing resourceDirectory C:\Users\mpadulao\workspace\turnos\src\test\resources
2017-07-31 12:27:08,923 [Worker-1048] WARN  o.e.m.c.i.embedder.EclipseLogger - Using platform encoding (Cp1252 actually) to copy filtered resources, i.e. build is platform dependent!
2017-07-31 12:27:08,924 [Worker-1048] INFO  o.e.m.c.i.embedder.EclipseLogger - Copying 0 resource
2017-07-31 12:27:08,925 [Worker-1048] WARN  o.e.m.c.i.embedder.EclipseLogger - Using platform encoding (Cp1252 actually) to copy filtered resources, i.e. build is platform dependent!
2017-07-31 12:27:08,927 [Worker-1048] INFO  o.e.m.c.i.embedder.EclipseLogger - skip non existing resourceDirectory C:\Users\mpadulao\workspace\turnos\src\test\resources
2017-07-31 12:27:18,934 [Worker-1067] WARN  o.e.m.c.i.embedder.EclipseLogger - Using platform encoding (Cp1252 actually) to copy filtered resources, i.e. build is platform dependent!
2017-07-31 12:27:18,935 [Worker-1067] INFO  o.e.m.c.i.embedder.EclipseLogger - Copying 0 resource
2017-07-31 12:27:18,936 [Worker-1067] WARN  o.e.m.c.i.embedder.EclipseLogger - Using platform encoding (Cp1252 actually) to copy filtered resources, i.e. build is platform dependent!
2017-07-31 12:27:18,938 [Worker-1067] INFO  o.e.m.c.i.embedder.EclipseLogger - skip non existing resourceDirectory C:\Users\mpadulao\workspace\turnos\src\test\resources
2017-07-31 12:28:33,202 [Worker-1068] WARN  o.e.m.c.i.embedder.EclipseLogger - Using platform encoding (Cp1252 actually) to copy filtered resources, i.e. build is platform dependent!
2017-07-31 12:28:33,204 [Worker-1068] INFO  o.e.m.c.i.embedder.EclipseLogger - Copying 0 resource
2017-07-31 12:28:33,205 [Worker-1068] WARN  o.e.m.c.i.embedder.EclipseLogger - Using platform encoding (Cp1252 actually) to copy filtered resources, i.e. build is platform dependent!
2017-07-31 12:28:33,213 [Worker-1068] INFO  o.e.m.c.i.embedder.EclipseLogger - skip non existing resourceDirectory C:\Users\mpadulao\workspace\turnos\src\test\resources
2017-07-31 12:28:43,610 [Worker-1068] WARN  o.e.m.c.i.embedder.EclipseLogger - Using platform encoding (Cp1252 actually) to copy filtered resources, i.e. build is platform dependent!
2017-07-31 12:28:43,610 [Worker-1068] INFO  o.e.m.c.i.embedder.EclipseLogger - Copying 0 resource
2017-07-31 12:28:43,620 [Worker-1068] WARN  o.e.m.c.i.embedder.EclipseLogger - Using platform encoding (Cp1252 actually) to copy filtered resources, i.e. build is platform dependent!
2017-07-31 12:28:43,620 [Worker-1068] INFO  o.e.m.c.i.embedder.EclipseLogger - skip non existing resourceDirectory C:\Users\mpadulao\workspace\turnos\src\test\resources
2017-07-31 12:29:21,711 [Worker-1068] WARN  o.e.m.c.i.embedder.EclipseLogger - Using platform encoding (Cp1252 actually) to copy filtered resources, i.e. build is platform dependent!
2017-07-31 12:29:21,713 [Worker-1068] INFO  o.e.m.c.i.embedder.EclipseLogger - Copying 0 resource
2017-07-31 12:29:21,714 [Worker-1068] WARN  o.e.m.c.i.embedder.EclipseLogger - Using platform encoding (Cp1252 actually) to copy filtered resources, i.e. build is platform dependent!
2017-07-31 12:29:21,716 [Worker-1068] INFO  o.e.m.c.i.embedder.EclipseLogger - skip non existing resourceDirectory C:\Users\mpadulao\workspace\turnos\src\test\resources
2017-07-31 12:34:27,555 [Worker-1066] WARN  o.e.m.c.i.embedder.EclipseLogger - Using platform encoding (Cp1252 actually) to copy filtered resources, i.e. build is platform dependent!
2017-07-31 12:34:27,557 [Worker-1066] INFO  o.e.m.c.i.embedder.EclipseLogger - Copying 1 resource
2017-07-31 12:34:27,558 [Worker-1066] WARN  o.e.m.c.i.embedder.EclipseLogger - Using platform encoding (Cp1252 actually) to copy filtered resources, i.e. build is platform dependent!
2017-07-31 12:34:27,559 [Worker-1066] INFO  o.e.m.c.i.embedder.EclipseLogger - skip non existing resourceDirectory C:\Users\mpadulao\workspace\turnos\src\test\resources
2017-07-31 12:34:51,104 [Worker-1069] WARN  o.e.m.c.i.embedder.EclipseLogger - Using platform encoding (Cp1252 actually) to copy filtered resources, i.e. build is platform dependent!
2017-07-31 12:34:51,106 [Worker-1069] INFO  o.e.m.c.i.embedder.EclipseLogger - Copying 0 resource
2017-07-31 12:34:51,107 [Worker-1069] WARN  o.e.m.c.i.embedder.EclipseLogger - Using platform encoding (Cp1252 actually) to copy filtered resources, i.e. build is platform dependent!
2017-07-31 12:34:51,109 [Worker-1069] INFO  o.e.m.c.i.embedder.EclipseLogger - skip non existing resourceDirectory C:\Users\mpadulao\workspace\turnos\src\test\resources
2017-07-31 12:35:36,404 [Worker-1048] WARN  o.e.m.c.i.embedder.EclipseLogger - Using platform encoding (Cp1252 actually) to copy filtered resources, i.e. build is platform dependent!
2017-07-31 12:35:36,406 [Worker-1048] INFO  o.e.m.c.i.embedder.EclipseLogger - Copying 0 resource
2017-07-31 12:35:36,408 [Worker-1048] WARN  o.e.m.c.i.embedder.EclipseLogger - Using platform encoding (Cp1252 actually) to copy filtered resources, i.e. build is platform dependent!
2017-07-31 12:35:36,413 [Worker-1048] INFO  o.e.m.c.i.embedder.EclipseLogger - skip non existing resourceDirectory C:\Users\mpadulao\workspace\turnos\src\test\resources
2017-07-31 12:36:26,543 [Worker-1066] WARN  o.e.m.c.i.embedder.EclipseLogger - Using platform encoding (Cp1252 actually) to copy filtered resources, i.e. build is platform dependent!
2017-07-31 12:36:26,545 [Worker-1066] INFO  o.e.m.c.i.embedder.EclipseLogger - Copying 0 resource
2017-07-31 12:36:26,547 [Worker-1066] WARN  o.e.m.c.i.embedder.EclipseLogger - Using platform encoding (Cp1252 actually) to copy filtered resources, i.e. build is platform dependent!
2017-07-31 12:36:26,549 [Worker-1066] INFO  o.e.m.c.i.embedder.EclipseLogger - skip non existing resourceDirectory C:\Users\mpadulao\workspace\turnos\src\test\resources
2017-07-31 12:43:31,411 [Worker-1071] WARN  o.e.m.c.i.embedder.EclipseLogger - Using platform encoding (Cp1252 actually) to copy filtered resources, i.e. build is platform dependent!
2017-07-31 12:43:31,477 [Worker-1071] INFO  o.e.m.c.i.embedder.EclipseLogger - Copying 0 resource
2017-07-31 12:43:31,478 [Worker-1071] WARN  o.e.m.c.i.embedder.EclipseLogger - Using platform encoding (Cp1252 actually) to copy filtered resources, i.e. build is platform dependent!
2017-07-31 12:43:31,479 [Worker-1071] INFO  o.e.m.c.i.embedder.EclipseLogger - skip non existing resourceDirectory C:\Users\mpadulao\workspace\turnos\src\test\resources
2017-07-31 12:44:38,878 [Worker-1071] WARN  o.e.m.c.i.embedder.EclipseLogger - Using platform encoding (Cp1252 actually) to copy filtered resources, i.e. build is platform dependent!
2017-07-31 12:44:38,880 [Worker-1071] INFO  o.e.m.c.i.embedder.EclipseLogger - Copying 0 resource
2017-07-31 12:44:38,884 [Worker-1071] WARN  o.e.m.c.i.embedder.EclipseLogger - Using platform encoding (Cp1252 actually) to copy filtered resources, i.e. build is platform dependent!
2017-07-31 12:44:38,885 [Worker-1071] INFO  o.e.m.c.i.embedder.EclipseLogger - skip non existing resourceDirectory C:\Users\mpadulao\workspace\turnos\src\test\resources
2017-07-31 12:46:26,884 [Worker-1074] WARN  o.e.m.c.i.embedder.EclipseLogger - Using platform encoding (Cp1252 actually) to copy filtered resources, i.e. build is platform dependent!
2017-07-31 12:46:26,885 [Worker-1074] INFO  o.e.m.c.i.embedder.EclipseLogger - Copying 0 resource
2017-07-31 12:46:26,886 [Worker-1074] WARN  o.e.m.c.i.embedder.EclipseLogger - Using platform encoding (Cp1252 actually) to copy filtered resources, i.e. build is platform dependent!
2017-07-31 12:46:26,888 [Worker-1074] INFO  o.e.m.c.i.embedder.EclipseLogger - skip non existing resourceDirectory C:\Users\mpadulao\workspace\turnos\src\test\resources
2017-07-31 12:46:52,122 [Worker-1064] WARN  o.e.m.c.i.embedder.EclipseLogger - Using platform encoding (Cp1252 actually) to copy filtered resources, i.e. build is platform dependent!
2017-07-31 12:46:52,122 [Worker-1064] INFO  o.e.m.c.i.embedder.EclipseLogger - Copying 0 resource
2017-07-31 12:46:52,122 [Worker-1064] WARN  o.e.m.c.i.embedder.EclipseLogger - Using platform encoding (Cp1252 actually) to copy filtered resources, i.e. build is platform dependent!
2017-07-31 12:46:52,122 [Worker-1064] INFO  o.e.m.c.i.embedder.EclipseLogger - skip non existing resourceDirectory C:\Users\mpadulao\workspace\turnos\src\test\resources
2017-07-31 12:47:54,267 [Worker-1076] WARN  o.e.m.c.i.embedder.EclipseLogger - Using platform encoding (Cp1252 actually) to copy filtered resources, i.e. build is platform dependent!
2017-07-31 12:47:54,269 [Worker-1076] INFO  o.e.m.c.i.embedder.EclipseLogger - Copying 0 resource
2017-07-31 12:47:54,270 [Worker-1076] WARN  o.e.m.c.i.embedder.EclipseLogger - Using platform encoding (Cp1252 actually) to copy filtered resources, i.e. build is platform dependent!
2017-07-31 12:47:54,272 [Worker-1076] INFO  o.e.m.c.i.embedder.EclipseLogger - skip non existing resourceDirectory C:\Users\mpadulao\workspace\turnos\src\test\resources
2017-07-31 12:48:36,352 [Worker-1073] WARN  o.e.m.c.i.embedder.EclipseLogger - Using platform encoding (Cp1252 actually) to copy filtered resources, i.e. build is platform dependent!
2017-07-31 12:48:36,353 [Worker-1073] INFO  o.e.m.c.i.embedder.EclipseLogger - Copying 0 resource
2017-07-31 12:48:36,371 [Worker-1073] WARN  o.e.m.c.i.embedder.EclipseLogger - Using platform encoding (Cp1252 actually) to copy filtered resources, i.e. build is platform dependent!
2017-07-31 12:48:36,372 [Worker-1073] INFO  o.e.m.c.i.embedder.EclipseLogger - skip non existing resourceDirectory C:\Users\mpadulao\workspace\turnos\src\test\resources
2017-07-31 12:49:14,618 [Worker-1065] WARN  o.e.m.c.i.embedder.EclipseLogger - Using platform encoding (Cp1252 actually) to copy filtered resources, i.e. build is platform dependent!
2017-07-31 12:49:14,619 [Worker-1065] INFO  o.e.m.c.i.embedder.EclipseLogger - Copying 0 resource
2017-07-31 12:49:14,646 [Worker-1065] WARN  o.e.m.c.i.embedder.EclipseLogger - Using platform encoding (Cp1252 actually) to copy filtered resources, i.e. build is platform dependent!
2017-07-31 12:49:14,647 [Worker-1065] INFO  o.e.m.c.i.embedder.EclipseLogger - skip non existing resourceDirectory C:\Users\mpadulao\workspace\turnos\src\test\resources
2017-07-31 14:32:35,437 [Worker-1080] WARN  o.e.m.c.i.embedder.EclipseLogger - Using platform encoding (Cp1252 actually) to copy filtered resources, i.e. build is platform dependent!
2017-07-31 14:32:35,490 [Worker-1080] INFO  o.e.m.c.i.embedder.EclipseLogger - Copying 0 resource
2017-07-31 14:32:35,519 [Worker-1080] WARN  o.e.m.c.i.embedder.EclipseLogger - Using platform encoding (Cp1252 actually) to copy filtered resources, i.e. build is platform dependent!
2017-07-31 14:32:35,520 [Worker-1080] INFO  o.e.m.c.i.embedder.EclipseLogger - skip non existing resourceDirectory C:\Users\mpadulao\workspace\turnos\src\test\resources
2017-07-31 14:32:59,805 [Worker-1083] WARN  o.e.m.c.i.embedder.EclipseLogger - Using platform encoding (Cp1252 actually) to copy filtered resources, i.e. build is platform dependent!
2017-07-31 14:32:59,806 [Worker-1083] INFO  o.e.m.c.i.embedder.EclipseLogger - Copying 0 resource
2017-07-31 14:32:59,807 [Worker-1083] WARN  o.e.m.c.i.embedder.EclipseLogger - Using platform encoding (Cp1252 actually) to copy filtered resources, i.e. build is platform dependent!
2017-07-31 14:32:59,809 [Worker-1083] INFO  o.e.m.c.i.embedder.EclipseLogger - skip non existing resourceDirectory C:\Users\mpadulao\workspace\turnos\src\test\resources
2017-07-31 14:34:03,832 [Worker-1080] WARN  o.e.m.c.i.embedder.EclipseLogger - Using platform encoding (Cp1252 actually) to copy filtered resources, i.e. build is platform dependent!
2017-07-31 14:34:03,888 [Worker-1080] INFO  o.e.m.c.i.embedder.EclipseLogger - Copying 0 resource
2017-07-31 14:34:03,889 [Worker-1080] WARN  o.e.m.c.i.embedder.EclipseLogger - Using platform encoding (Cp1252 actually) to copy filtered resources, i.e. build is platform dependent!
2017-07-31 14:34:03,890 [Worker-1080] INFO  o.e.m.c.i.embedder.EclipseLogger - skip non existing resourceDirectory C:\Users\mpadulao\workspace\turnos\src\test\resources
2017-07-31 14:34:47,608 [Worker-1080] WARN  o.e.m.c.i.embedder.EclipseLogger - Using platform encoding (Cp1252 actually) to copy filtered resources, i.e. build is platform dependent!
2017-07-31 14:34:47,609 [Worker-1080] INFO  o.e.m.c.i.embedder.EclipseLogger - Copying 0 resource
2017-07-31 14:34:47,610 [Worker-1080] WARN  o.e.m.c.i.embedder.EclipseLogger - Using platform encoding (Cp1252 actually) to copy filtered resources, i.e. build is platform dependent!
2017-07-31 14:34:47,611 [Worker-1080] INFO  o.e.m.c.i.embedder.EclipseLogger - skip non existing resourceDirectory C:\Users\mpadulao\workspace\turnos\src\test\resources
2017-07-31 14:35:33,367 [Worker-1082] WARN  o.e.m.c.i.embedder.EclipseLogger - Using platform encoding (Cp1252 actually) to copy filtered resources, i.e. build is platform dependent!
2017-07-31 14:35:33,369 [Worker-1082] INFO  o.e.m.c.i.embedder.EclipseLogger - Copying 0 resource
2017-07-31 14:35:33,370 [Worker-1082] WARN  o.e.m.c.i.embedder.EclipseLogger - Using platform encoding (Cp1252 actually) to copy filtered resources, i.e. build is platform dependent!
2017-07-31 14:35:33,372 [Worker-1082] INFO  o.e.m.c.i.embedder.EclipseLogger - skip non existing resourceDirectory C:\Users\mpadulao\workspace\turnos\src\test\resources
2017-07-31 14:36:27,228 [Worker-1084] WARN  o.e.m.c.i.embedder.EclipseLogger - Using platform encoding (Cp1252 actually) to copy filtered resources, i.e. build is platform dependent!
2017-07-31 14:36:27,229 [Worker-1084] INFO  o.e.m.c.i.embedder.EclipseLogger - Copying 0 resource
2017-07-31 14:36:27,231 [Worker-1084] WARN  o.e.m.c.i.embedder.EclipseLogger - Using platform encoding (Cp1252 actually) to copy filtered resources, i.e. build is platform dependent!
2017-07-31 14:36:27,235 [Worker-1084] INFO  o.e.m.c.i.embedder.EclipseLogger - skip non existing resourceDirectory C:\Users\mpadulao\workspace\turnos\src\test\resources
2017-07-31 14:36:52,931 [Worker-1083] WARN  o.e.m.c.i.embedder.EclipseLogger - Using platform encoding (Cp1252 actually) to copy filtered resources, i.e. build is platform dependent!
2017-07-31 14:36:52,932 [Worker-1083] INFO  o.e.m.c.i.embedder.EclipseLogger - Copying 0 resource
2017-07-31 14:36:52,933 [Worker-1083] WARN  o.e.m.c.i.embedder.EclipseLogger - Using platform encoding (Cp1252 actually) to copy filtered resources, i.e. build is platform dependent!
2017-07-31 14:36:52,935 [Worker-1083] INFO  o.e.m.c.i.embedder.EclipseLogger - skip non existing resourceDirectory C:\Users\mpadulao\workspace\turnos\src\test\resources
2017-07-31 14:37:19,976 [Worker-1082] WARN  o.e.m.c.i.embedder.EclipseLogger - Using platform encoding (Cp1252 actually) to copy filtered resources, i.e. build is platform dependent!
2017-07-31 14:37:19,979 [Worker-1082] INFO  o.e.m.c.i.embedder.EclipseLogger - Copying 0 resource
2017-07-31 14:37:19,980 [Worker-1082] WARN  o.e.m.c.i.embedder.EclipseLogger - Using platform encoding (Cp1252 actually) to copy filtered resources, i.e. build is platform dependent!
2017-07-31 14:37:19,981 [Worker-1082] INFO  o.e.m.c.i.embedder.EclipseLogger - skip non existing resourceDirectory C:\Users\mpadulao\workspace\turnos\src\test\resources
2017-07-31 14:38:33,814 [Worker-1083] WARN  o.e.m.c.i.embedder.EclipseLogger - Using platform encoding (Cp1252 actually) to copy filtered resources, i.e. build is platform dependent!
2017-07-31 14:38:33,838 [Worker-1083] INFO  o.e.m.c.i.embedder.EclipseLogger - Copying 1 resource
2017-07-31 14:38:33,840 [Worker-1083] WARN  o.e.m.c.i.embedder.EclipseLogger - Using platform encoding (Cp1252 actually) to copy filtered resources, i.e. build is platform dependent!
2017-07-31 14:38:33,841 [Worker-1083] INFO  o.e.m.c.i.embedder.EclipseLogger - skip non existing resourceDirectory C:\Users\mpadulao\workspace\turnos\src\test\resources
2017-07-31 14:38:44,094 [Worker-1082] WARN  o.e.m.c.i.embedder.EclipseLogger - Using platform encoding (Cp1252 actually) to copy filtered resources, i.e. build is platform dependent!
2017-07-31 14:38:44,096 [Worker-1082] INFO  o.e.m.c.i.embedder.EclipseLogger - Copying 1 resource
2017-07-31 14:38:44,097 [Worker-1082] WARN  o.e.m.c.i.embedder.EclipseLogger - Using platform encoding (Cp1252 actually) to copy filtered resources, i.e. build is platform dependent!
2017-07-31 14:38:44,099 [Worker-1082] INFO  o.e.m.c.i.embedder.EclipseLogger - skip non existing resourceDirectory C:\Users\mpadulao\workspace\turnos\src\test\resources
2017-07-31 14:39:53,892 [Worker-1082] WARN  o.e.m.c.i.embedder.EclipseLogger - Using platform encoding (Cp1252 actually) to copy filtered resources, i.e. build is platform dependent!
2017-07-31 14:39:53,894 [Worker-1082] INFO  o.e.m.c.i.embedder.EclipseLogger - Copying 0 resource
2017-07-31 14:39:53,895 [Worker-1082] WARN  o.e.m.c.i.embedder.EclipseLogger - Using platform encoding (Cp1252 actually) to copy filtered resources, i.e. build is platform dependent!
2017-07-31 14:39:53,896 [Worker-1082] INFO  o.e.m.c.i.embedder.EclipseLogger - skip non existing resourceDirectory C:\Users\mpadulao\workspace\turnos\src\test\resources
2017-07-31 14:40:33,334 [Worker-1081] WARN  o.e.m.c.i.embedder.EclipseLogger - Using platform encoding (Cp1252 actually) to copy filtered resources, i.e. build is platform dependent!
2017-07-31 14:40:33,336 [Worker-1081] INFO  o.e.m.c.i.embedder.EclipseLogger - Copying 0 resource
2017-07-31 14:40:33,337 [Worker-1081] WARN  o.e.m.c.i.embedder.EclipseLogger - Using platform encoding (Cp1252 actually) to copy filtered resources, i.e. build is platform dependent!
2017-07-31 14:40:33,348 [Worker-1081] INFO  o.e.m.c.i.embedder.EclipseLogger - skip non existing resourceDirectory C:\Users\mpadulao\workspace\turnos\src\test\resources
2017-07-31 14:41:00,758 [Worker-1085] WARN  o.e.m.c.i.embedder.EclipseLogger - Using platform encoding (Cp1252 actually) to copy filtered resources, i.e. build is platform dependent!
2017-07-31 14:41:00,759 [Worker-1085] INFO  o.e.m.c.i.embedder.EclipseLogger - Copying 0 resource
2017-07-31 14:41:00,789 [Worker-1085] WARN  o.e.m.c.i.embedder.EclipseLogger - Using platform encoding (Cp1252 actually) to copy filtered resources, i.e. build is platform dependent!
2017-07-31 14:41:00,806 [Worker-1085] INFO  o.e.m.c.i.embedder.EclipseLogger - skip non existing resourceDirectory C:\Users\mpadulao\workspace\turnos\src\test\resources
2017-07-31 14:41:20,727 [Worker-1081] WARN  o.e.m.c.i.embedder.EclipseLogger - Using platform encoding (Cp1252 actually) to copy filtered resources, i.e. build is platform dependent!
2017-07-31 14:41:20,729 [Worker-1081] INFO  o.e.m.c.i.embedder.EclipseLogger - Copying 0 resource
2017-07-31 14:41:20,731 [Worker-1081] WARN  o.e.m.c.i.embedder.EclipseLogger - Using platform encoding (Cp1252 actually) to copy filtered resources, i.e. build is platform dependent!
2017-07-31 14:41:20,733 [Worker-1081] INFO  o.e.m.c.i.embedder.EclipseLogger - skip non existing resourceDirectory C:\Users\mpadulao\workspace\turnos\src\test\resources
2017-07-31 14:41:39,951 [Worker-1085] WARN  o.e.m.c.i.embedder.EclipseLogger - Using platform encoding (Cp1252 actually) to copy filtered resources, i.e. build is platform dependent!
2017-07-31 14:41:39,953 [Worker-1085] INFO  o.e.m.c.i.embedder.EclipseLogger - Copying 0 resource
2017-07-31 14:41:39,954 [Worker-1085] WARN  o.e.m.c.i.embedder.EclipseLogger - Using platform encoding (Cp1252 actually) to copy filtered resources, i.e. build is platform dependent!
2017-07-31 14:41:39,956 [Worker-1085] INFO  o.e.m.c.i.embedder.EclipseLogger - skip non existing resourceDirectory C:\Users\mpadulao\workspace\turnos\src\test\resources
2017-07-31 14:42:07,949 [Worker-1080] WARN  o.e.m.c.i.embedder.EclipseLogger - Using platform encoding (Cp1252 actually) to copy filtered resources, i.e. build is platform dependent!
2017-07-31 14:42:07,965 [Worker-1080] INFO  o.e.m.c.i.embedder.EclipseLogger - Copying 0 resource
2017-07-31 14:42:07,973 [Worker-1080] WARN  o.e.m.c.i.embedder.EclipseLogger - Using platform encoding (Cp1252 actually) to copy filtered resources, i.e. build is platform dependent!
2017-07-31 14:42:07,974 [Worker-1080] INFO  o.e.m.c.i.embedder.EclipseLogger - skip non existing resourceDirectory C:\Users\mpadulao\workspace\turnos\src\test\resources
2017-07-31 14:42:13,420 [Worker-1082] WARN  o.e.m.c.i.embedder.EclipseLogger - Using platform encoding (Cp1252 actually) to copy filtered resources, i.e. build is platform dependent!
2017-07-31 14:42:13,422 [Worker-1082] INFO  o.e.m.c.i.embedder.EclipseLogger - Copying 0 resource
2017-07-31 14:42:13,456 [Worker-1082] WARN  o.e.m.c.i.embedder.EclipseLogger - Using platform encoding (Cp1252 actually) to copy filtered resources, i.e. build is platform dependent!
2017-07-31 14:42:13,457 [Worker-1082] INFO  o.e.m.c.i.embedder.EclipseLogger - skip non existing resourceDirectory C:\Users\mpadulao\workspace\turnos\src\test\resources
2017-07-31 14:42:58,953 [Worker-1081] WARN  o.e.m.c.i.embedder.EclipseLogger - Using platform encoding (Cp1252 actually) to copy filtered resources, i.e. build is platform dependent!
2017-07-31 14:42:58,955 [Worker-1081] INFO  o.e.m.c.i.embedder.EclipseLogger - Copying 0 resource
2017-07-31 14:42:58,957 [Worker-1081] WARN  o.e.m.c.i.embedder.EclipseLogger - Using platform encoding (Cp1252 actually) to copy filtered resources, i.e. build is platform dependent!
2017-07-31 14:42:59,024 [Worker-1081] INFO  o.e.m.c.i.embedder.EclipseLogger - skip non existing resourceDirectory C:\Users\mpadulao\workspace\turnos\src\test\resources
2017-07-31 14:43:08,773 [Worker-1081] WARN  o.e.m.c.i.embedder.EclipseLogger - Using platform encoding (Cp1252 actually) to copy filtered resources, i.e. build is platform dependent!
2017-07-31 14:43:08,775 [Worker-1081] INFO  o.e.m.c.i.embedder.EclipseLogger - Copying 0 resource
2017-07-31 14:43:08,777 [Worker-1081] WARN  o.e.m.c.i.embedder.EclipseLogger - Using platform encoding (Cp1252 actually) to copy filtered resources, i.e. build is platform dependent!
2017-07-31 14:43:08,779 [Worker-1081] INFO  o.e.m.c.i.embedder.EclipseLogger - skip non existing resourceDirectory C:\Users\mpadulao\workspace\turnos\src\test\resources
2017-07-31 14:43:25,485 [Worker-1085] WARN  o.e.m.c.i.embedder.EclipseLogger - Using platform encoding (Cp1252 actually) to copy filtered resources, i.e. build is platform dependent!
2017-07-31 14:43:25,487 [Worker-1085] INFO  o.e.m.c.i.embedder.EclipseLogger - Copying 0 resource
2017-07-31 14:43:25,488 [Worker-1085] WARN  o.e.m.c.i.embedder.EclipseLogger - Using platform encoding (Cp1252 actually) to copy filtered resources, i.e. build is platform dependent!
2017-07-31 14:43:25,491 [Worker-1085] INFO  o.e.m.c.i.embedder.EclipseLogger - skip non existing resourceDirectory C:\Users\mpadulao\workspace\turnos\src\test\resources
2017-07-31 14:43:37,158 [Worker-1082] WARN  o.e.m.c.i.embedder.EclipseLogger - Using platform encoding (Cp1252 actually) to copy filtered resources, i.e. build is platform dependent!
2017-07-31 14:43:37,159 [Worker-1082] INFO  o.e.m.c.i.embedder.EclipseLogger - Copying 0 resource
2017-07-31 14:43:37,160 [Worker-1082] WARN  o.e.m.c.i.embedder.EclipseLogger - Using platform encoding (Cp1252 actually) to copy filtered resources, i.e. build is platform dependent!
2017-07-31 14:43:37,161 [Worker-1082] INFO  o.e.m.c.i.embedder.EclipseLogger - skip non existing resourceDirectory C:\Users\mpadulao\workspace\turnos\src\test\resources
2017-07-31 14:43:58,073 [Worker-1086] WARN  o.e.m.c.i.embedder.EclipseLogger - Using platform encoding (Cp1252 actually) to copy filtered resources, i.e. build is platform dependent!
2017-07-31 14:43:58,075 [Worker-1086] INFO  o.e.m.c.i.embedder.EclipseLogger - Copying 0 resource
2017-07-31 14:43:58,078 [Worker-1086] WARN  o.e.m.c.i.embedder.EclipseLogger - Using platform encoding (Cp1252 actually) to copy filtered resources, i.e. build is platform dependent!
2017-07-31 14:43:58,081 [Worker-1086] INFO  o.e.m.c.i.embedder.EclipseLogger - skip non existing resourceDirectory C:\Users\mpadulao\workspace\turnos\src\test\resources
